{"/home/travis/build/npmtest/node-npmtest-restangular/test.js":{"path":"/home/travis/build/npmtest/node-npmtest-restangular/test.js","s":{"1":2,"2":2,"3":2,"4":2,"5":2,"6":2,"7":2,"8":1,"9":2,"10":2,"11":1,"12":1,"13":1,"14":1,"15":2,"16":2,"17":2,"18":2,"19":1,"20":1,"21":2,"22":2,"23":2,"24":1,"25":1,"26":1,"27":1,"28":1,"29":1,"30":1,"31":1,"32":1,"33":1,"34":1,"35":1,"36":1,"37":1,"38":1,"39":2,"40":2,"41":1,"42":2,"43":2,"44":1,"45":2,"46":2,"47":1,"48":2,"49":2,"50":1,"51":1,"52":1,"53":1,"54":1},"b":{"1":[2,1,1,1],"2":[1,1,1,1],"3":[1,1],"4":[1,1],"5":[1,1],"6":[1,1],"7":[1,1],"8":[1,1],"9":[1,1],"10":[1,1,1],"11":[1,1],"12":[1,1],"13":[1,1],"14":[1,1],"15":[1,1],"16":[1,1],"17":[1,1]},"f":{"1":2,"2":2,"3":2,"4":2,"5":2,"6":1,"7":1,"8":1,"9":2,"10":2,"11":2,"12":2,"13":1},"fnMap":{"1":{"name":"(anonymous_1)","line":12,"loc":{"start":{"line":12,"column":1},"end":{"line":12,"column":13}}},"2":{"name":"(anonymous_2)","line":19,"loc":{"start":{"line":19,"column":5},"end":{"line":19,"column":17}}},"3":{"name":"(anonymous_3)","line":23,"loc":{"start":{"line":23,"column":24},"end":{"line":23,"column":36}}},"4":{"name":"(anonymous_4)","line":61,"loc":{"start":{"line":61,"column":5},"end":{"line":61,"column":17}}},"5":{"name":"(anonymous_5)","line":82,"loc":{"start":{"line":82,"column":5},"end":{"line":82,"column":17}}},"6":{"name":"(anonymous_6)","line":91,"loc":{"start":{"line":91,"column":77},"end":{"line":94,"column":10}}},"7":{"name":"(anonymous_7)","line":112,"loc":{"start":{"line":112,"column":83},"end":{"line":115,"column":10}},"skip":true},"8":{"name":"(anonymous_8)","line":123,"loc":{"start":{"line":123,"column":77},"end":{"line":126,"column":10}},"skip":true},"9":{"name":"(anonymous_9)","line":139,"loc":{"start":{"line":139,"column":12},"end":{"line":139,"column":40}},"skip":true},"10":{"name":"(anonymous_10)","line":147,"loc":{"start":{"line":147,"column":77},"end":{"line":150,"column":10}},"skip":true},"11":{"name":"(anonymous_11)","line":158,"loc":{"start":{"line":158,"column":83},"end":{"line":161,"column":10}},"skip":true},"12":{"name":"(anonymous_12)","line":169,"loc":{"start":{"line":169,"column":79},"end":{"line":172,"column":10}},"skip":true},"13":{"name":"(anonymous_13)","line":180,"loc":{"start":{"line":180,"column":75},"end":{"line":183,"column":10}},"skip":true}},"statementMap":{"1":{"start":{"line":12,"column":0},"end":{"line":195,"column":5}},"2":{"start":{"line":14,"column":4},"end":{"line":14,"column":14}},"3":{"start":{"line":19,"column":4},"end":{"line":56,"column":9}},"4":{"start":{"line":21,"column":8},"end":{"line":21,"column":19}},"5":{"start":{"line":23,"column":8},"end":{"line":35,"column":13}},"6":{"start":{"line":24,"column":12},"end":{"line":34,"column":13}},"7":{"start":{"line":25,"column":16},"end":{"line":28,"column":30}},"8":{"start":{"line":30,"column":16},"end":{"line":33,"column":27}},"9":{"start":{"line":37,"column":8},"end":{"line":39,"column":21}},"10":{"start":{"line":40,"column":8},"end":{"line":53,"column":9}},"11":{"start":{"line":43,"column":12},"end":{"line":46,"column":14}},"12":{"start":{"line":47,"column":12},"end":{"line":47,"column":18}},"13":{"start":{"line":50,"column":12},"end":{"line":51,"column":33}},"14":{"start":{"line":52,"column":12},"end":{"line":52,"column":18}},"15":{"start":{"line":55,"column":8},"end":{"line":55,"column":35}},"16":{"start":{"line":61,"column":4},"end":{"line":63,"column":9}},"17":{"start":{"line":62,"column":8},"end":{"line":62,"column":15}},"18":{"start":{"line":64,"column":4},"end":{"line":77,"column":5}},"19":{"start":{"line":70,"column":8},"end":{"line":70,"column":14}},"20":{"start":{"line":76,"column":8},"end":{"line":76,"column":14}},"21":{"start":{"line":82,"column":4},"end":{"line":84,"column":9}},"22":{"start":{"line":83,"column":8},"end":{"line":83,"column":15}},"23":{"start":{"line":85,"column":4},"end":{"line":194,"column":5}},"24":{"start":{"line":91,"column":8},"end":{"line":99,"column":10}},"25":{"start":{"line":98,"column":12},"end":{"line":98,"column":35}},"26":{"start":{"line":102,"column":8},"end":{"line":104,"column":63}},"27":{"start":{"line":105,"column":8},"end":{"line":105,"column":14}},"28":{"start":{"line":112,"column":8},"end":{"line":121,"column":10},"skip":true},"29":{"start":{"line":119,"column":12},"end":{"line":119,"column":55},"skip":true},"30":{"start":{"line":120,"column":12},"end":{"line":120,"column":48},"skip":true},"31":{"start":{"line":123,"column":8},"end":{"line":136,"column":10},"skip":true},"32":{"start":{"line":130,"column":12},"end":{"line":130,"column":76},"skip":true},"33":{"start":{"line":131,"column":12},"end":{"line":131,"column":73},"skip":true},"34":{"start":{"line":132,"column":12},"end":{"line":132,"column":74},"skip":true},"35":{"start":{"line":133,"column":12},"end":{"line":133,"column":79},"skip":true},"36":{"start":{"line":134,"column":12},"end":{"line":134,"column":25},"skip":true},"37":{"start":{"line":135,"column":12},"end":{"line":135,"column":45},"skip":true},"38":{"start":{"line":138,"column":8},"end":{"line":145,"column":14},"skip":true},"39":{"start":{"line":143,"column":16},"end":{"line":143,"column":29},"skip":true},"40":{"start":{"line":144,"column":16},"end":{"line":144,"column":55},"skip":true},"41":{"start":{"line":147,"column":8},"end":{"line":156,"column":10},"skip":true},"42":{"start":{"line":154,"column":12},"end":{"line":154,"column":25},"skip":true},"43":{"start":{"line":155,"column":12},"end":{"line":155,"column":45},"skip":true},"44":{"start":{"line":158,"column":8},"end":{"line":167,"column":10},"skip":true},"45":{"start":{"line":165,"column":12},"end":{"line":165,"column":25},"skip":true},"46":{"start":{"line":166,"column":12},"end":{"line":166,"column":48},"skip":true},"47":{"start":{"line":169,"column":8},"end":{"line":178,"column":10},"skip":true},"48":{"start":{"line":176,"column":12},"end":{"line":176,"column":25},"skip":true},"49":{"start":{"line":177,"column":12},"end":{"line":177,"column":46},"skip":true},"50":{"start":{"line":180,"column":8},"end":{"line":189,"column":10},"skip":true},"51":{"start":{"line":187,"column":12},"end":{"line":187,"column":94},"skip":true},"52":{"start":{"line":188,"column":12},"end":{"line":188,"column":48},"skip":true},"53":{"start":{"line":192,"column":8},"end":{"line":192,"column":35},"skip":true},"54":{"start":{"line":193,"column":8},"end":{"line":193,"column":14},"skip":true}},"branchMap":{"1":{"line":25,"type":"binary-expr","locations":[{"start":{"line":25,"column":23},"end":{"line":25,"column":62}},{"start":{"line":26,"column":20},"end":{"line":26,"column":70}},{"start":{"line":27,"column":20},"end":{"line":27,"column":71}},{"start":{"line":28,"column":20},"end":{"line":28,"column":29}}]},"2":{"line":30,"type":"binary-expr","locations":[{"start":{"line":30,"column":23},"end":{"line":30,"column":37}},{"start":{"line":31,"column":20},"end":{"line":31,"column":61}},{"start":{"line":32,"column":20},"end":{"line":32,"column":70}},{"start":{"line":33,"column":20},"end":{"line":33,"column":26}}]},"3":{"line":37,"type":"cond-expr","locations":[{"start":{"line":38,"column":14},"end":{"line":38,"column":20}},{"start":{"line":39,"column":14},"end":{"line":39,"column":20}}]},"4":{"line":40,"type":"switch","locations":[{"start":{"line":42,"column":8},"end":{"line":47,"column":18}},{"start":{"line":49,"column":8},"end":{"line":52,"column":18}}]},"5":{"line":44,"type":"binary-expr","locations":[{"start":{"line":44,"column":16},"end":{"line":44,"column":44}},{"start":{"line":44,"column":48},"end":{"line":44,"column":66}}]},"6":{"line":50,"type":"binary-expr","locations":[{"start":{"line":50,"column":21},"end":{"line":50,"column":49}},{"start":{"line":50,"column":53},"end":{"line":50,"column":72}}]},"7":{"line":64,"type":"switch","locations":[{"start":{"line":69,"column":4},"end":{"line":70,"column":14}},{"start":{"line":75,"column":4},"end":{"line":76,"column":14}}]},"8":{"line":85,"type":"switch","locations":[{"start":{"line":90,"column":4},"end":{"line":105,"column":14}},{"start":{"line":111,"column":4},"end":{"line":193,"column":14},"skip":true}]},"9":{"line":91,"type":"binary-expr","locations":[{"start":{"line":91,"column":42},"end":{"line":91,"column":73}},{"start":{"line":91,"column":77},"end":{"line":99,"column":9}}]},"10":{"line":102,"type":"binary-expr","locations":[{"start":{"line":102,"column":18},"end":{"line":102,"column":32}},{"start":{"line":103,"column":12},"end":{"line":103,"column":53}},{"start":{"line":104,"column":12},"end":{"line":104,"column":61}}]},"11":{"line":112,"type":"binary-expr","locations":[{"start":{"line":112,"column":45},"end":{"line":112,"column":79},"skip":true},{"start":{"line":112,"column":83},"end":{"line":121,"column":9},"skip":true}]},"12":{"line":123,"type":"binary-expr","locations":[{"start":{"line":123,"column":42},"end":{"line":123,"column":73},"skip":true},{"start":{"line":123,"column":77},"end":{"line":136,"column":9},"skip":true}]},"13":{"line":138,"type":"binary-expr","locations":[{"start":{"line":138,"column":48},"end":{"line":138,"column":85},"skip":true},{"start":{"line":139,"column":12},"end":{"line":145,"column":13},"skip":true}]},"14":{"line":147,"type":"binary-expr","locations":[{"start":{"line":147,"column":42},"end":{"line":147,"column":73},"skip":true},{"start":{"line":147,"column":77},"end":{"line":156,"column":9},"skip":true}]},"15":{"line":158,"type":"binary-expr","locations":[{"start":{"line":158,"column":45},"end":{"line":158,"column":79},"skip":true},{"start":{"line":158,"column":83},"end":{"line":167,"column":9},"skip":true}]},"16":{"line":169,"type":"binary-expr","locations":[{"start":{"line":169,"column":43},"end":{"line":169,"column":75},"skip":true},{"start":{"line":169,"column":79},"end":{"line":178,"column":9},"skip":true}]},"17":{"line":180,"type":"binary-expr","locations":[{"start":{"line":180,"column":41},"end":{"line":180,"column":71},"skip":true},{"start":{"line":180,"column":75},"end":{"line":189,"column":9},"skip":true}]}},"code":["/* istanbul instrument in package npmtest_restangular */","/*jslint","    bitwise: true,","    browser: true,","    maxerr: 8,","    maxlen: 96,","    node: true,","    nomen: true,","    regexp: true,","    stupid: true","*/","(function () {","    'use strict';","    var local;","","","","    // run shared js-env code - init-before","    (function () {","        // init local","        local = {};","        // init modeJs","        local.modeJs = (function () {","            try {","                return typeof navigator.userAgent === 'string' &&","                    typeof document.querySelector('body') === 'object' &&","                    typeof XMLHttpRequest.prototype.open === 'function' &&","                    'browser';","            } catch (errorCaughtBrowser) {","                return module.exports &&","                    typeof process.versions.node === 'string' &&","                    typeof require('http').createServer === 'function' &&","                    'node';","            }","        }());","        // init global","        local.global = local.modeJs === 'browser'","            ? window","            : global;","        switch (local.modeJs) {","        // re-init local from window.local","        case 'browser':","            local = local.global.utility2.objectSetDefault(","                local.global.utility2_rollup || local.global.local,","                local.global.utility2","            );","            break;","        // re-init local from example.js","        case 'node':","            local = (local.global.utility2_rollup || require('utility2'))","                .requireReadme();","            break;","        }","        // export local","        local.global.local = local;","    }());","","","","    // run shared js-env code - function","    (function () {","        return;","    }());","    switch (local.modeJs) {","","","","    // run browser js-env code - function","    case 'browser':","        break;","","","","    // run node js-env code - function","    case 'node':","        break;","    }","","","","    // run shared js-env code - init-after","    (function () {","        return;","    }());","    switch (local.modeJs) {","","","","    // run browser js-env code - init-after","    case 'browser':","        local.testCase_browser_nullCase = local.testCase_browser_nullCase || function (","            options,","            onError","        ) {","        /*","         * this function will test browsers's null-case handling-behavior-behavior","         */","            onError(null, options);","        };","","        // run tests","        local.nop(local.modeTest &&","            document.querySelector('#testRunButton1') &&","            document.querySelector('#testRunButton1').click());","        break;","","","","    // run node js-env code - init-after","    /* istanbul ignore next */","    case 'node':","        local.testCase_buildApidoc_default = local.testCase_buildApidoc_default || function (","            options,","            onError","        ) {","        /*","         * this function will test buildApidoc's default handling-behavior-behavior","         */","            options = { modulePathList: module.paths };","            local.buildApidoc(options, onError);","        };","","        local.testCase_buildApp_default = local.testCase_buildApp_default || function (","            options,","            onError","        ) {","        /*","         * this function will test buildApp's default handling-behavior-behavior","         */","            local.testCase_buildReadme_default(options, local.onErrorThrow);","            local.testCase_buildLib_default(options, local.onErrorThrow);","            local.testCase_buildTest_default(options, local.onErrorThrow);","            local.testCase_buildCustomOrg_default(options, local.onErrorThrow);","            options = [];","            local.buildApp(options, onError);","        };","","        local.testCase_buildCustomOrg_default = local.testCase_buildCustomOrg_default ||","            function (options, onError) {","            /*","             * this function will test buildCustomOrg's default handling-behavior","             */","                options = {};","                local.buildCustomOrg(options, onError);","            };","","        local.testCase_buildLib_default = local.testCase_buildLib_default || function (","            options,","            onError","        ) {","        /*","         * this function will test buildLib's default handling-behavior","         */","            options = {};","            local.buildLib(options, onError);","        };","","        local.testCase_buildReadme_default = local.testCase_buildReadme_default || function (","            options,","            onError","        ) {","        /*","         * this function will test buildReadme's default handling-behavior-behavior","         */","            options = {};","            local.buildReadme(options, onError);","        };","","        local.testCase_buildTest_default = local.testCase_buildTest_default || function (","            options,","            onError","        ) {","        /*","         * this function will test buildTest's default handling-behavior","         */","            options = {};","            local.buildTest(options, onError);","        };","","        local.testCase_webpage_default = local.testCase_webpage_default || function (","            options,","            onError","        ) {","        /*","         * this function will test webpage's default handling-behavior","         */","            options = { modeCoverageMerge: true, url: local.serverLocalHost + '?modeTest=1' };","            local.browserTest(options, onError);","        };","","        // run test-server","        local.testRunServer(local);","        break;","    }","}());",""],"l":{"12":2,"14":2,"19":2,"21":2,"23":2,"24":2,"25":2,"30":1,"37":2,"40":2,"43":1,"47":1,"50":1,"52":1,"55":2,"61":2,"62":2,"64":2,"70":1,"76":1,"82":2,"83":2,"85":2,"91":1,"98":1,"102":1,"105":1,"112":1,"119":1,"120":1,"123":1,"130":1,"131":1,"132":1,"133":1,"134":1,"135":1,"138":1,"143":2,"144":2,"147":1,"154":2,"155":2,"158":1,"165":2,"166":2,"169":1,"176":2,"177":2,"180":1,"187":1,"188":1,"192":1,"193":1}},"/home/travis/build/npmtest/node-npmtest-restangular/lib.npmtest_restangular.js":{"path":"/home/travis/build/npmtest/node-npmtest-restangular/lib.npmtest_restangular.js","s":{"1":2,"2":2,"3":2,"4":2,"5":2,"6":2,"7":2,"8":1,"9":2,"10":2,"11":2,"12":2,"13":1,"14":1,"15":1,"16":1},"b":{"1":[2,1,1,1],"2":[1,1,1,1],"3":[1,1],"4":[2,2],"5":[1,1]},"f":{"1":2,"2":2,"3":2},"fnMap":{"1":{"name":"(anonymous_1)","line":12,"loc":{"start":{"line":12,"column":1},"end":{"line":12,"column":13}}},"2":{"name":"(anonymous_2)","line":19,"loc":{"start":{"line":19,"column":5},"end":{"line":19,"column":17}}},"3":{"name":"(anonymous_3)","line":23,"loc":{"start":{"line":23,"column":24},"end":{"line":23,"column":36}}}},"statementMap":{"1":{"start":{"line":12,"column":0},"end":{"line":53,"column":5}},"2":{"start":{"line":14,"column":4},"end":{"line":14,"column":14}},"3":{"start":{"line":19,"column":4},"end":{"line":52,"column":9}},"4":{"start":{"line":21,"column":8},"end":{"line":21,"column":19}},"5":{"start":{"line":23,"column":8},"end":{"line":35,"column":13}},"6":{"start":{"line":24,"column":12},"end":{"line":34,"column":13}},"7":{"start":{"line":25,"column":16},"end":{"line":28,"column":30}},"8":{"start":{"line":30,"column":16},"end":{"line":33,"column":27}},"9":{"start":{"line":37,"column":8},"end":{"line":39,"column":21}},"10":{"start":{"line":41,"column":8},"end":{"line":41,"column":54}},"11":{"start":{"line":43,"column":8},"end":{"line":43,"column":56}},"12":{"start":{"line":45,"column":8},"end":{"line":51,"column":9}},"13":{"start":{"line":46,"column":12},"end":{"line":46,"column":62}},"14":{"start":{"line":48,"column":12},"end":{"line":48,"column":35}},"15":{"start":{"line":49,"column":12},"end":{"line":49,"column":49}},"16":{"start":{"line":50,"column":12},"end":{"line":50,"column":43}}},"branchMap":{"1":{"line":25,"type":"binary-expr","locations":[{"start":{"line":25,"column":23},"end":{"line":25,"column":62}},{"start":{"line":26,"column":20},"end":{"line":26,"column":70}},{"start":{"line":27,"column":20},"end":{"line":27,"column":71}},{"start":{"line":28,"column":20},"end":{"line":28,"column":29}}]},"2":{"line":30,"type":"binary-expr","locations":[{"start":{"line":30,"column":23},"end":{"line":30,"column":37}},{"start":{"line":31,"column":20},"end":{"line":31,"column":61}},{"start":{"line":32,"column":20},"end":{"line":32,"column":70}},{"start":{"line":33,"column":20},"end":{"line":33,"column":26}}]},"3":{"line":37,"type":"cond-expr","locations":[{"start":{"line":38,"column":14},"end":{"line":38,"column":20}},{"start":{"line":39,"column":14},"end":{"line":39,"column":20}}]},"4":{"line":41,"type":"binary-expr","locations":[{"start":{"line":41,"column":16},"end":{"line":41,"column":44}},{"start":{"line":41,"column":48},"end":{"line":41,"column":53}}]},"5":{"line":45,"type":"if","locations":[{"start":{"line":45,"column":8},"end":{"line":45,"column":8}},{"start":{"line":45,"column":8},"end":{"line":45,"column":8}}]}},"code":["/* istanbul instrument in package npmtest_restangular */","/*jslint","    bitwise: true,","    browser: true,","    maxerr: 8,","    maxlen: 96,","    node: true,","    nomen: true,","    regexp: true,","    stupid: true","*/","(function () {","    'use strict';","    var local;","","","","    // run shared js-env code - init-before","    (function () {","        // init local","        local = {};","        // init modeJs","        local.modeJs = (function () {","            try {","                return typeof navigator.userAgent === 'string' &&","                    typeof document.querySelector('body') === 'object' &&","                    typeof XMLHttpRequest.prototype.open === 'function' &&","                    'browser';","            } catch (errorCaughtBrowser) {","                return module.exports &&","                    typeof process.versions.node === 'string' &&","                    typeof require('http').createServer === 'function' &&","                    'node';","            }","        }());","        // init global","        local.global = local.modeJs === 'browser'","            ? window","            : global;","        // init utility2_rollup","        local = local.global.utility2_rollup || local;","        // init lib","        local.local = local.npmtest_restangular = local;","        // init exports","        if (local.modeJs === 'browser') {","            local.global.utility2_npmtest_restangular = local;","        } else {","            module.exports = local;","            module.exports.__dirname = __dirname;","            module.exports.module = module;","        }","    }());","}());",""],"l":{"12":2,"14":2,"19":2,"21":2,"23":2,"24":2,"25":2,"30":1,"37":2,"41":2,"43":2,"45":2,"46":1,"48":1,"49":1,"50":1}},"/home/travis/build/npmtest/node-npmtest-restangular/example.js":{"path":"/home/travis/build/npmtest/node-npmtest-restangular/example.js","s":{"1":2,"2":2,"3":2,"4":2,"5":2,"6":2,"7":2,"8":1,"9":2,"10":2,"11":2,"12":2,"13":1,"14":2,"15":2,"16":2,"17":2,"18":2,"19":0,"20":2,"21":1,"22":1,"23":1,"24":1,"25":1,"26":0,"27":0,"28":1,"29":1,"30":2,"31":0,"32":0,"33":0,"34":1,"35":2,"36":2,"37":3,"38":3,"39":3,"40":3,"41":0,"42":3,"43":3,"44":3,"45":1,"46":3,"47":1,"48":1,"49":1,"50":1,"51":1,"52":1,"53":1,"54":1,"55":1,"56":1,"57":0,"58":1,"59":6,"60":6,"61":1,"62":2,"63":0,"64":2,"65":1,"66":1,"67":0,"68":0,"69":0,"70":0,"71":0,"72":0,"73":0,"74":0,"75":0,"76":0,"77":0,"78":0,"79":0,"80":0,"81":0,"82":0,"83":0},"b":{"1":[2,1,1,1],"2":[1,1,1,1],"3":[1,1],"4":[2,2],"5":[1,1],"6":[1,1],"7":[2,0],"8":[2,1,1,1,1,1],"9":[0,2,0],"10":[1,1],"11":[2,1,1],"12":[1,0],"13":[0,2],"14":[2,0,0,0,0,0,0],"15":[0,3],"16":[3,0],"17":[1,1],"18":[0,1],"19":[1,2,0,2],"20":[1,0],"21":[1,1],"22":[0,0],"23":[0,0],"24":[0,0],"25":[0,0],"26":[0,0],"27":[0,0],"28":[0,0]},"f":{"1":2,"2":2,"3":2,"4":2,"5":2,"6":2,"7":3,"8":3,"9":3,"10":1,"11":6,"12":0},"fnMap":{"1":{"name":"(anonymous_1)","line":26,"loc":{"start":{"line":26,"column":1},"end":{"line":26,"column":13}}},"2":{"name":"(anonymous_2)","line":33,"loc":{"start":{"line":33,"column":5},"end":{"line":33,"column":17}}},"3":{"name":"(anonymous_3)","line":37,"loc":{"start":{"line":37,"column":24},"end":{"line":37,"column":36}}},"4":{"name":"(anonymous_4)","line":69,"loc":{"start":{"line":69,"column":31},"end":{"line":69,"column":48}},"skip":true},"5":{"name":"(anonymous_5)","line":78,"loc":{"start":{"line":78,"column":26},"end":{"line":78,"column":45}},"skip":true},"6":{"name":"(anonymous_6)","line":123,"loc":{"start":{"line":123,"column":33},"end":{"line":123,"column":48}},"skip":true},"7":{"name":"(anonymous_7)","line":125,"loc":{"start":{"line":125,"column":27},"end":{"line":125,"column":39}},"skip":true},"8":{"name":"(anonymous_8)","line":133,"loc":{"start":{"line":133,"column":59},"end":{"line":133,"column":74}},"skip":true},"9":{"name":"(anonymous_9)","line":143,"loc":{"start":{"line":143,"column":45},"end":{"line":143,"column":62}},"skip":true},"10":{"name":"(anonymous_10)","line":144,"loc":{"start":{"line":144,"column":73},"end":{"line":144,"column":92}},"skip":true},"11":{"name":"(anonymous_11)","line":272,"loc":{"start":{"line":272,"column":51},"end":{"line":272,"column":77}},"skip":true},"12":{"name":"(anonymous_12)","line":315,"loc":{"start":{"line":315,"column":32},"end":{"line":315,"column":61}},"skip":true}},"statementMap":{"1":{"start":{"line":26,"column":0},"end":{"line":326,"column":5}},"2":{"start":{"line":28,"column":4},"end":{"line":28,"column":14}},"3":{"start":{"line":33,"column":4},"end":{"line":60,"column":9}},"4":{"start":{"line":35,"column":8},"end":{"line":35,"column":19}},"5":{"start":{"line":37,"column":8},"end":{"line":49,"column":13}},"6":{"start":{"line":38,"column":12},"end":{"line":48,"column":13}},"7":{"start":{"line":39,"column":16},"end":{"line":42,"column":30}},"8":{"start":{"line":44,"column":16},"end":{"line":47,"column":27}},"9":{"start":{"line":51,"column":8},"end":{"line":53,"column":21}},"10":{"start":{"line":55,"column":8},"end":{"line":57,"column":45}},"11":{"start":{"line":59,"column":8},"end":{"line":59,"column":35}},"12":{"start":{"line":61,"column":4},"end":{"line":325,"column":5}},"13":{"start":{"line":69,"column":8},"end":{"line":121,"column":10},"skip":true},"14":{"start":{"line":70,"column":12},"end":{"line":88,"column":13},"skip":true},"15":{"start":{"line":76,"column":16},"end":{"line":87,"column":19},"skip":true},"16":{"start":{"line":79,"column":20},"end":{"line":86,"column":21},"skip":true},"17":{"start":{"line":82,"column":24},"end":{"line":82,"column":43},"skip":true},"18":{"start":{"line":83,"column":24},"end":{"line":83,"column":30},"skip":true},"19":{"start":{"line":85,"column":24},"end":{"line":85,"column":49},"skip":true},"20":{"start":{"line":89,"column":12},"end":{"line":107,"column":13},"skip":true},"21":{"start":{"line":92,"column":16},"end":{"line":102,"column":17},"skip":true},"22":{"start":{"line":93,"column":20},"end":{"line":93,"column":86},"skip":true},"23":{"start":{"line":94,"column":20},"end":{"line":95,"column":45},"skip":true},"24":{"start":{"line":96,"column":20},"end":{"line":96,"column":42},"skip":true},"25":{"start":{"line":97,"column":20},"end":{"line":97,"column":48},"skip":true},"26":{"start":{"line":100,"column":20},"end":{"line":100,"column":85},"skip":true},"27":{"start":{"line":101,"column":20},"end":{"line":101,"column":96},"skip":true},"28":{"start":{"line":103,"column":16},"end":{"line":103,"column":22},"skip":true},"29":{"start":{"line":106,"column":16},"end":{"line":106,"column":22},"skip":true},"30":{"start":{"line":108,"column":12},"end":{"line":120,"column":13},"skip":true},"31":{"start":{"line":114,"column":16},"end":{"line":119,"column":17},"skip":true},"32":{"start":{"line":116,"column":20},"end":{"line":116,"column":78},"skip":true},"33":{"start":{"line":118,"column":20},"end":{"line":118,"column":47},"skip":true},"34":{"start":{"line":123,"column":8},"end":{"line":141,"column":11},"skip":true},"35":{"start":{"line":124,"column":12},"end":{"line":124,"column":54},"skip":true},"36":{"start":{"line":125,"column":12},"end":{"line":140,"column":14},"skip":true},"37":{"start":{"line":126,"column":16},"end":{"line":126,"column":28},"skip":true},"38":{"start":{"line":127,"column":16},"end":{"line":127,"column":69},"skip":true},"39":{"start":{"line":128,"column":16},"end":{"line":128,"column":75},"skip":true},"40":{"start":{"line":129,"column":16},"end":{"line":131,"column":17},"skip":true},"41":{"start":{"line":130,"column":20},"end":{"line":130,"column":27},"skip":true},"42":{"start":{"line":133,"column":16},"end":{"line":137,"column":36},"skip":true},"43":{"start":{"line":134,"column":20},"end":{"line":136,"column":55},"skip":true},"44":{"start":{"line":139,"column":16},"end":{"line":139,"column":57},"skip":true},"45":{"start":{"line":143,"column":8},"end":{"line":147,"column":11},"skip":true},"46":{"start":{"line":144,"column":12},"end":{"line":146,"column":15},"skip":true},"47":{"start":{"line":145,"column":16},"end":{"line":145,"column":70},"skip":true},"48":{"start":{"line":149,"column":8},"end":{"line":149,"column":31},"skip":true},"49":{"start":{"line":150,"column":8},"end":{"line":150,"column":14},"skip":true},"50":{"start":{"line":158,"column":8},"end":{"line":158,"column":31},"skip":true},"51":{"start":{"line":160,"column":8},"end":{"line":160,"column":33},"skip":true},"52":{"start":{"line":161,"column":8},"end":{"line":161,"column":37},"skip":true},"53":{"start":{"line":162,"column":8},"end":{"line":162,"column":35},"skip":true},"54":{"start":{"line":164,"column":8},"end":{"line":164,"column":50},"skip":true},"55":{"start":{"line":166,"column":8},"end":{"line":256,"column":2},"skip":true},"56":{"start":{"line":258,"column":8},"end":{"line":286,"column":9},"skip":true},"57":{"start":{"line":259,"column":12},"end":{"line":269,"column":14},"skip":true},"58":{"start":{"line":271,"column":12},"end":{"line":285,"column":19},"skip":true},"59":{"start":{"line":274,"column":20},"end":{"line":274,"column":35},"skip":true},"60":{"start":{"line":275,"column":20},"end":{"line":284,"column":21},"skip":true},"61":{"start":{"line":277,"column":24},"end":{"line":277,"column":64},"skip":true},"62":{"start":{"line":279,"column":24},"end":{"line":279,"column":40},"skip":true},"63":{"start":{"line":281,"column":24},"end":{"line":281,"column":40},"skip":true},"64":{"start":{"line":283,"column":24},"end":{"line":283,"column":39},"skip":true},"65":{"start":{"line":288,"column":8},"end":{"line":290,"column":9},"skip":true},"66":{"start":{"line":289,"column":12},"end":{"line":289,"column":18},"skip":true},"67":{"start":{"line":291,"column":8},"end":{"line":293,"column":54},"skip":true},"68":{"start":{"line":296,"column":8},"end":{"line":301,"column":37},"skip":true},"69":{"start":{"line":303,"column":8},"end":{"line":303,"column":82},"skip":true},"70":{"start":{"line":306,"column":8},"end":{"line":308,"column":9},"skip":true},"71":{"start":{"line":307,"column":12},"end":{"line":307,"column":82},"skip":true},"72":{"start":{"line":310,"column":8},"end":{"line":312,"column":9},"skip":true},"73":{"start":{"line":311,"column":12},"end":{"line":311,"column":18},"skip":true},"74":{"start":{"line":313,"column":8},"end":{"line":313,"column":54},"skip":true},"75":{"start":{"line":314,"column":8},"end":{"line":314,"column":69},"skip":true},"76":{"start":{"line":315,"column":8},"end":{"line":323,"column":36},"skip":true},"77":{"start":{"line":316,"column":12},"end":{"line":316,"column":61},"skip":true},"78":{"start":{"line":317,"column":12},"end":{"line":320,"column":13},"skip":true},"79":{"start":{"line":318,"column":16},"end":{"line":318,"column":75},"skip":true},"80":{"start":{"line":319,"column":16},"end":{"line":319,"column":23},"skip":true},"81":{"start":{"line":321,"column":12},"end":{"line":321,"column":38},"skip":true},"82":{"start":{"line":322,"column":12},"end":{"line":322,"column":27},"skip":true},"83":{"start":{"line":324,"column":8},"end":{"line":324,"column":14},"skip":true}},"branchMap":{"1":{"line":39,"type":"binary-expr","locations":[{"start":{"line":39,"column":23},"end":{"line":39,"column":62}},{"start":{"line":40,"column":20},"end":{"line":40,"column":70}},{"start":{"line":41,"column":20},"end":{"line":41,"column":71}},{"start":{"line":42,"column":20},"end":{"line":42,"column":29}}]},"2":{"line":44,"type":"binary-expr","locations":[{"start":{"line":44,"column":23},"end":{"line":44,"column":37}},{"start":{"line":45,"column":20},"end":{"line":45,"column":61}},{"start":{"line":46,"column":20},"end":{"line":46,"column":70}},{"start":{"line":47,"column":20},"end":{"line":47,"column":26}}]},"3":{"line":51,"type":"cond-expr","locations":[{"start":{"line":52,"column":14},"end":{"line":52,"column":20}},{"start":{"line":53,"column":14},"end":{"line":53,"column":20}}]},"4":{"line":55,"type":"binary-expr","locations":[{"start":{"line":55,"column":16},"end":{"line":55,"column":44}},{"start":{"line":55,"column":49},"end":{"line":57,"column":43}}]},"5":{"line":55,"type":"cond-expr","locations":[{"start":{"line":56,"column":14},"end":{"line":56,"column":55}},{"start":{"line":57,"column":14},"end":{"line":57,"column":43}}]},"6":{"line":61,"type":"switch","locations":[{"start":{"line":68,"column":4},"end":{"line":150,"column":14},"skip":true},{"start":{"line":156,"column":4},"end":{"line":324,"column":14},"skip":true}]},"7":{"line":70,"type":"if","locations":[{"start":{"line":70,"column":12},"end":{"line":70,"column":12},"skip":true},{"start":{"line":70,"column":12},"end":{"line":70,"column":12},"skip":true}]},"8":{"line":70,"type":"binary-expr","locations":[{"start":{"line":70,"column":16},"end":{"line":70,"column":22},"skip":true},{"start":{"line":70,"column":27},"end":{"line":70,"column":32},"skip":true},{"start":{"line":71,"column":20},"end":{"line":71,"column":39},"skip":true},{"start":{"line":72,"column":20},"end":{"line":72,"column":49},"skip":true},{"start":{"line":73,"column":20},"end":{"line":73,"column":58},"skip":true},{"start":{"line":74,"column":20},"end":{"line":74,"column":69},"skip":true}]},"9":{"line":79,"type":"switch","locations":[{"start":{"line":80,"column":20},"end":{"line":80,"column":33},"skip":true},{"start":{"line":81,"column":20},"end":{"line":83,"column":30},"skip":true},{"start":{"line":84,"column":20},"end":{"line":85,"column":49},"skip":true}]},"10":{"line":89,"type":"switch","locations":[{"start":{"line":90,"column":12},"end":{"line":103,"column":22},"skip":true},{"start":{"line":105,"column":12},"end":{"line":106,"column":22},"skip":true}]},"11":{"line":89,"type":"binary-expr","locations":[{"start":{"line":89,"column":20},"end":{"line":89,"column":25},"skip":true},{"start":{"line":89,"column":29},"end":{"line":89,"column":48},"skip":true},{"start":{"line":89,"column":52},"end":{"line":89,"column":74},"skip":true}]},"12":{"line":92,"type":"if","locations":[{"start":{"line":92,"column":16},"end":{"line":92,"column":16},"skip":true},{"start":{"line":92,"column":16},"end":{"line":92,"column":16},"skip":true}]},"13":{"line":108,"type":"if","locations":[{"start":{"line":108,"column":12},"end":{"line":108,"column":12},"skip":true},{"start":{"line":108,"column":12},"end":{"line":108,"column":12},"skip":true}]},"14":{"line":108,"type":"binary-expr","locations":[{"start":{"line":108,"column":16},"end":{"line":108,"column":61},"skip":true},{"start":{"line":108,"column":66},"end":{"line":108,"column":72},"skip":true},{"start":{"line":108,"column":77},"end":{"line":108,"column":82},"skip":true},{"start":{"line":109,"column":20},"end":{"line":109,"column":39},"skip":true},{"start":{"line":110,"column":20},"end":{"line":110,"column":49},"skip":true},{"start":{"line":111,"column":20},"end":{"line":111,"column":58},"skip":true},{"start":{"line":112,"column":20},"end":{"line":112,"column":68},"skip":true}]},"15":{"line":129,"type":"if","locations":[{"start":{"line":129,"column":16},"end":{"line":129,"column":16},"skip":true},{"start":{"line":129,"column":16},"end":{"line":129,"column":16},"skip":true}]},"16":{"line":134,"type":"cond-expr","locations":[{"start":{"line":135,"column":26},"end":{"line":135,"column":29},"skip":true},{"start":{"line":136,"column":26},"end":{"line":136,"column":54},"skip":true}]},"17":{"line":164,"type":"binary-expr","locations":[{"start":{"line":164,"column":27},"end":{"line":164,"column":43},"skip":true},{"start":{"line":164,"column":47},"end":{"line":164,"column":49},"skip":true}]},"18":{"line":258,"type":"if","locations":[{"start":{"line":258,"column":8},"end":{"line":258,"column":8},"skip":true},{"start":{"line":258,"column":8},"end":{"line":258,"column":8},"skip":true}]},"19":{"line":275,"type":"switch","locations":[{"start":{"line":276,"column":20},"end":{"line":277,"column":64},"skip":true},{"start":{"line":278,"column":20},"end":{"line":279,"column":40},"skip":true},{"start":{"line":280,"column":20},"end":{"line":281,"column":40},"skip":true},{"start":{"line":282,"column":20},"end":{"line":283,"column":39},"skip":true}]},"20":{"line":288,"type":"if","locations":[{"start":{"line":288,"column":8},"end":{"line":288,"column":8},"skip":true},{"start":{"line":288,"column":8},"end":{"line":288,"column":8},"skip":true}]},"21":{"line":288,"type":"binary-expr","locations":[{"start":{"line":288,"column":12},"end":{"line":288,"column":40},"skip":true},{"start":{"line":288,"column":44},"end":{"line":288,"column":67},"skip":true}]},"22":{"line":292,"type":"binary-expr","locations":[{"start":{"line":292,"column":12},"end":{"line":292,"column":50},"skip":true},{"start":{"line":293,"column":12},"end":{"line":293,"column":53},"skip":true}]},"23":{"line":297,"type":"binary-expr","locations":[{"start":{"line":297,"column":12},"end":{"line":297,"column":69},"skip":true},{"start":{"line":298,"column":12},"end":{"line":301,"column":36},"skip":true}]},"24":{"line":303,"type":"binary-expr","locations":[{"start":{"line":303,"column":43},"end":{"line":303,"column":75},"skip":true},{"start":{"line":303,"column":79},"end":{"line":303,"column":81},"skip":true}]},"25":{"line":306,"type":"if","locations":[{"start":{"line":306,"column":8},"end":{"line":306,"column":8},"skip":true},{"start":{"line":306,"column":8},"end":{"line":306,"column":8},"skip":true}]},"26":{"line":310,"type":"if","locations":[{"start":{"line":310,"column":8},"end":{"line":310,"column":8},"skip":true},{"start":{"line":310,"column":8},"end":{"line":310,"column":8},"skip":true}]},"27":{"line":313,"type":"binary-expr","locations":[{"start":{"line":313,"column":27},"end":{"line":313,"column":43},"skip":true},{"start":{"line":313,"column":47},"end":{"line":313,"column":53},"skip":true}]},"28":{"line":317,"type":"if","locations":[{"start":{"line":317,"column":12},"end":{"line":317,"column":12},"skip":true},{"start":{"line":317,"column":12},"end":{"line":317,"column":12},"skip":true}]}},"code":["/*","example.js","","quickstart example","","instruction","    1. save this script as example.js","    2. run the shell command:","        $ npm install npmtest-restangular && PORT=8081 node example.js","    3. play with the browser-demo on http://127.0.0.1:8081","*/","","","","/* istanbul instrument in package npmtest_restangular */","/*jslint","    bitwise: true,","    browser: true,","    maxerr: 8,","    maxlen: 96,","    node: true,","    nomen: true,","    regexp: true,","    stupid: true","*/","(function () {","    'use strict';","    var local;","","","","    // run shared js-env code - init-before","    (function () {","        // init local","        local = {};","        // init modeJs","        local.modeJs = (function () {","            try {","                return typeof navigator.userAgent === 'string' &&","                    typeof document.querySelector('body') === 'object' &&","                    typeof XMLHttpRequest.prototype.open === 'function' &&","                    'browser';","            } catch (errorCaughtBrowser) {","                return module.exports &&","                    typeof process.versions.node === 'string' &&","                    typeof require('http').createServer === 'function' &&","                    'node';","            }","        }());","        // init global","        local.global = local.modeJs === 'browser'","            ? window","            : global;","        // init utility2_rollup","        local = local.global.utility2_rollup || (local.modeJs === 'browser'","            ? local.global.utility2_npmtest_restangular","            : global.utility2_moduleExports);","        // export local","        local.global.local = local;","    }());","    switch (local.modeJs) {","","","","    // init-after","    // run browser js-env code - init-after","    /* istanbul ignore next */","    case 'browser':","        local.testRunBrowser = function (event) {","            if (!event || (event &&","                    event.currentTarget &&","                    event.currentTarget.className &&","                    event.currentTarget.className.includes &&","                    event.currentTarget.className.includes('onreset'))) {","                // reset output","                Array.from(","                    document.querySelectorAll('body > .resettable')","                ).forEach(function (element) {","                    switch (element.tagName) {","                    case 'INPUT':","                    case 'TEXTAREA':","                        element.value = '';","                        break;","                    default:","                        element.textContent = '';","                    }","                });","            }","            switch (event && event.currentTarget && event.currentTarget.id) {","            case 'testRunButton1':","                // show tests","                if (document.querySelector('#testReportDiv1').style.display === 'none') {","                    document.querySelector('#testReportDiv1').style.display = 'block';","                    document.querySelector('#testRunButton1').textContent =","                        'hide internal test';","                    local.modeTest = true;","                    local.testRunDefault(local);","                // hide tests","                } else {","                    document.querySelector('#testReportDiv1').style.display = 'none';","                    document.querySelector('#testRunButton1').textContent = 'run internal test';","                }","                break;","            // custom-case","            default:","                break;","            }","            if (document.querySelector('#inputTextareaEval1') && (!event || (event &&","                    event.currentTarget &&","                    event.currentTarget.className &&","                    event.currentTarget.className.includes &&","                    event.currentTarget.className.includes('oneval')))) {","                // try to eval input-code","                try {","                    /*jslint evil: true*/","                    eval(document.querySelector('#inputTextareaEval1').value);","                } catch (errorCaught) {","                    console.error(errorCaught);","                }","            }","        };","        // log stderr and stdout to #outputTextareaStdout1","        ['error', 'log'].forEach(function (key) {","            console[key + '_original'] = console[key];","            console[key] = function () {","                var element;","                console[key + '_original'].apply(console, arguments);","                element = document.querySelector('#outputTextareaStdout1');","                if (!element) {","                    return;","                }","                // append text to #outputTextareaStdout1","                element.value += Array.from(arguments).map(function (arg) {","                    return typeof arg === 'string'","                        ? arg","                        : JSON.stringify(arg, null, 4);","                }).join(' ') + '\\n';","                // scroll textarea to bottom","                element.scrollTop = element.scrollHeight;","            };","        });","        // init event-handling","        ['change', 'click', 'keyup'].forEach(function (event) {","            Array.from(document.querySelectorAll('.on' + event)).forEach(function (element) {","                element.addEventListener(event, local.testRunBrowser);","            });","        });","        // run tests","        local.testRunBrowser();","        break;","","","","    // run node js-env code - init-after","    /* istanbul ignore next */","    case 'node':","        // export local","        module.exports = local;","        // require modules","        local.fs = require('fs');","        local.http = require('http');","        local.url = require('url');","        // init assets","        local.assetsDict = local.assetsDict || {};","        /* jslint-ignore-begin */","        local.assetsDict['/assets.index.template.html'] = '\\","<!doctype html>\\n\\","<html lang=\"en\">\\n\\","<head>\\n\\","<meta charset=\"UTF-8\">\\n\\","<meta name=\"viewport\" content=\"width=device-width, initial-scale=1\">\\n\\","<title>{{env.npm_package_name}} (v{{env.npm_package_version}})</title>\\n\\","<style>\\n\\","/*csslint\\n\\","    box-sizing: false,\\n\\","    universal-selector: false\\n\\","*/\\n\\","* {\\n\\","    box-sizing: border-box;\\n\\","}\\n\\","body {\\n\\","    background: #dde;\\n\\","    font-family: Arial, Helvetica, sans-serif;\\n\\","    margin: 2rem;\\n\\","}\\n\\","body > * {\\n\\","    margin-bottom: 1rem;\\n\\","}\\n\\",".utility2FooterDiv {\\n\\","    margin-top: 20px;\\n\\","    text-align: center;\\n\\","}\\n\\","</style>\\n\\","<style>\\n\\","/*csslint\\n\\","*/\\n\\","textarea {\\n\\","    font-family: monospace;\\n\\","    height: 10rem;\\n\\","    width: 100%;\\n\\","}\\n\\","textarea[readonly] {\\n\\","    background: #ddd;\\n\\","}\\n\\","</style>\\n\\","</head>\\n\\","<body>\\n\\","<!-- utility2-comment\\n\\","<div id=\"ajaxProgressDiv1\" style=\"background: #d00; height: 2px; left: 0; margin: 0; padding: 0; position: fixed; top: 0; transition: background 0.5s, width 1.5s; width: 25%;\"></div>\\n\\","utility2-comment -->\\n\\","<h1>\\n\\","<!-- utility2-comment\\n\\","    <a\\n\\","        {{#if env.npm_package_homepage}}\\n\\","        href=\"{{env.npm_package_homepage}}\"\\n\\","        {{/if env.npm_package_homepage}}\\n\\","        target=\"_blank\"\\n\\","    >\\n\\","utility2-comment -->\\n\\","        {{env.npm_package_name}} (v{{env.npm_package_version}})\\n\\","<!-- utility2-comment\\n\\","    </a>\\n\\","utility2-comment -->\\n\\","</h1>\\n\\","<h3>{{env.npm_package_description}}</h3>\\n\\","<!-- utility2-comment\\n\\","<h4><a download href=\"assets.app.js\">download standalone app</a></h4>\\n\\","<button class=\"onclick onreset\" id=\"testRunButton1\">run internal test</button><br>\\n\\","<div id=\"testReportDiv1\" style=\"display: none;\"></div>\\n\\","utility2-comment -->\\n\\","\\n\\","\\n\\","\\n\\","<label>stderr and stdout</label>\\n\\","<textarea class=\"resettable\" id=\"outputTextareaStdout1\" readonly></textarea>\\n\\","<!-- utility2-comment\\n\\","{{#if isRollup}}\\n\\","<script src=\"assets.app.js\"></script>\\n\\","{{#unless isRollup}}\\n\\","utility2-comment -->\\n\\","<script src=\"assets.utility2.rollup.js\"></script>\\n\\","<script src=\"jsonp.utility2._stateInit?callback=window.utility2._stateInit\"></script>\\n\\","<script src=\"assets.npmtest_restangular.rollup.js\"></script>\\n\\","<script src=\"assets.example.js\"></script>\\n\\","<script src=\"assets.test.js\"></script>\\n\\","<!-- utility2-comment\\n\\","{{/if isRollup}}\\n\\","utility2-comment -->\\n\\","<div class=\"utility2FooterDiv\">\\n\\","    [ this app was created with\\n\\","    <a href=\"https://github.com/kaizhu256/node-utility2\" target=\"_blank\">utility2</a>\\n\\","    ]\\n\\","</div>\\n\\","</body>\\n\\","</html>\\n\\","';","        /* jslint-ignore-end */","        if (local.templateRender) {","            local.assetsDict['/'] = local.templateRender(","                local.assetsDict['/assets.index.template.html'],","                {","                    env: local.objectSetDefault(local.env, {","                        npm_package_description: 'the greatest app in the world!',","                        npm_package_name: 'my-app',","                        npm_package_nameAlias: 'my_app',","                        npm_package_version: '0.0.1'","                    })","                }","            );","        } else {","            local.assetsDict['/'] = local.assetsDict['/assets.index.template.html']","                .replace((/\\{\\{env\\.(\\w+?)\\}\\}/g), function (match0, match1) {","                    // jslint-hack","                    String(match0);","                    switch (match1) {","                    case 'npm_package_description':","                        return 'the greatest app in the world!';","                    case 'npm_package_name':","                        return 'my-app';","                    case 'npm_package_nameAlias':","                        return 'my_app';","                    case 'npm_package_version':","                        return '0.0.1';","                    }","                });","        }","        // run the cli","        if (local.global.utility2_rollup || module !== require.main) {","            break;","        }","        local.assetsDict['/assets.example.js'] =","            local.assetsDict['/assets.example.js'] ||","            local.fs.readFileSync(__filename, 'utf8');","        // bug-workaround - long $npm_package_buildCustomOrg","        /* jslint-ignore-begin */","        local.assetsDict['/assets.npmtest_restangular.rollup.js'] =","            local.assetsDict['/assets.npmtest_restangular.rollup.js'] ||","            local.fs.readFileSync(","                local.npmtest_restangular.__dirname + '/lib.npmtest_restangular.js',","                'utf8'","            ).replace((/^#!/), '//');","        /* jslint-ignore-end */","        local.assetsDict['/favicon.ico'] = local.assetsDict['/favicon.ico'] || '';","        // if $npm_config_timeout_exit exists,","        // then exit this process after $npm_config_timeout_exit ms","        if (Number(process.env.npm_config_timeout_exit)) {","            setTimeout(process.exit, Number(process.env.npm_config_timeout_exit));","        }","        // start server","        if (local.global.utility2_serverHttp1) {","            break;","        }","        process.env.PORT = process.env.PORT || '8081';","        console.error('server starting on port ' + process.env.PORT);","        local.http.createServer(function (request, response) {","            request.urlParsed = local.url.parse(request.url);","            if (local.assetsDict[request.urlParsed.pathname] !== undefined) {","                response.end(local.assetsDict[request.urlParsed.pathname]);","                return;","            }","            response.statusCode = 404;","            response.end();","        }).listen(process.env.PORT);","        break;","    }","}());",""],"l":{"26":2,"28":2,"33":2,"35":2,"37":2,"38":2,"39":2,"44":1,"51":2,"55":2,"59":2,"61":2,"69":1,"70":2,"76":2,"79":2,"82":2,"83":2,"85":1,"89":2,"92":1,"93":1,"94":1,"96":1,"97":1,"100":1,"101":1,"103":1,"106":1,"108":2,"114":1,"116":1,"118":1,"123":1,"124":2,"125":2,"126":3,"127":3,"128":3,"129":3,"130":1,"133":3,"134":3,"139":3,"143":1,"144":3,"145":1,"149":1,"150":1,"158":1,"160":1,"161":1,"162":1,"164":1,"166":1,"258":1,"259":1,"271":1,"274":6,"275":6,"277":1,"279":2,"281":1,"283":2,"288":1,"289":1,"291":1,"296":1,"303":1,"306":1,"307":1,"310":1,"311":1,"313":1,"314":1,"315":1,"316":1,"317":1,"318":1,"319":1,"321":1,"322":1,"324":1}},"/home/travis/build/npmtest/node-npmtest-restangular/node_modules/restangular/dist/restangular.js":{"path":"/home/travis/build/npmtest/node-npmtest-restangular/node_modules/restangular/dist/restangular.js","s":{"1":2,"2":2,"3":0,"4":2,"5":2,"6":0,"7":0,"8":0,"9":0,"10":0,"11":0,"12":0,"13":0,"14":0,"15":0,"16":0,"17":0,"18":0,"19":0,"20":0,"21":0,"22":0,"23":0,"24":0,"25":0,"26":0,"27":0,"28":0,"29":0,"30":0,"31":0,"32":0,"33":0,"34":0,"35":0,"36":0,"37":0,"38":0,"39":0,"40":0,"41":0,"42":0,"43":0,"44":0,"45":0,"46":0,"47":0,"48":0,"49":0,"50":0,"51":0,"52":0,"53":0,"54":0,"55":0,"56":0,"57":0,"58":0,"59":0,"60":0,"61":0,"62":0,"63":0,"64":0,"65":0,"66":0,"67":0,"68":0,"69":0,"70":0,"71":0,"72":0,"73":0,"74":0,"75":0,"76":0,"77":0,"78":0,"79":0,"80":0,"81":0,"82":0,"83":0,"84":0,"85":0,"86":0,"87":0,"88":0,"89":0,"90":0,"91":0,"92":0,"93":0,"94":0,"95":0,"96":0,"97":0,"98":0,"99":0,"100":0,"101":0,"102":0,"103":0,"104":0,"105":0,"106":0,"107":0,"108":0,"109":0,"110":0,"111":0,"112":0,"113":0,"114":0,"115":0,"116":0,"117":0,"118":0,"119":0,"120":0,"121":0,"122":0,"123":0,"124":0,"125":0,"126":0,"127":0,"128":0,"129":0,"130":0,"131":0,"132":0,"133":0,"134":0,"135":0,"136":0,"137":0,"138":0,"139":0,"140":0,"141":0,"142":0,"143":0,"144":0,"145":0,"146":0,"147":0,"148":0,"149":0,"150":0,"151":0,"152":0,"153":0,"154":0,"155":0,"156":0,"157":0,"158":0,"159":0,"160":0,"161":0,"162":0,"163":0,"164":0,"165":0,"166":0,"167":0,"168":0,"169":0,"170":0,"171":0,"172":0,"173":0,"174":0,"175":0,"176":0,"177":0,"178":0,"179":0,"180":0,"181":0,"182":0,"183":0,"184":0,"185":0,"186":0,"187":0,"188":0,"189":0,"190":0,"191":0,"192":0,"193":0,"194":0,"195":0,"196":0,"197":0,"198":0,"199":0,"200":0,"201":0,"202":0,"203":0,"204":0,"205":0,"206":0,"207":0,"208":0,"209":0,"210":0,"211":0,"212":0,"213":0,"214":0,"215":0,"216":0,"217":0,"218":0,"219":0,"220":0,"221":0,"222":0,"223":0,"224":0,"225":0,"226":0,"227":0,"228":0,"229":0,"230":0,"231":0,"232":0,"233":0,"234":0,"235":0,"236":0,"237":0,"238":0,"239":0,"240":1,"241":0,"242":0,"243":0,"244":0,"245":0,"246":0,"247":0,"248":0,"249":0,"250":0,"251":0,"252":0,"253":0,"254":0,"255":0,"256":0,"257":0,"258":0,"259":0,"260":0,"261":0,"262":0,"263":0,"264":0,"265":0,"266":0,"267":0,"268":0,"269":0,"270":0,"271":0,"272":0,"273":0,"274":0,"275":0,"276":0,"277":0,"278":0,"279":0,"280":0,"281":0,"282":0,"283":0,"284":0,"285":0,"286":0,"287":0,"288":0,"289":0,"290":0,"291":0,"292":0,"293":0,"294":0,"295":0,"296":0,"297":0,"298":0,"299":0,"300":0,"301":0,"302":0,"303":0,"304":0,"305":0,"306":0,"307":1,"308":0,"309":0,"310":0,"311":0,"312":0,"313":1,"314":0,"315":0,"316":0,"317":0,"318":1,"319":0,"320":0,"321":0,"322":0,"323":0,"324":0,"325":0,"326":0,"327":0,"328":0,"329":0,"330":0,"331":0,"332":0,"333":0,"334":0,"335":0,"336":0,"337":1,"338":0,"339":0,"340":0,"341":1,"342":0,"343":0,"344":0,"345":0,"346":0,"347":0,"348":0,"349":0,"350":0,"351":0,"352":0,"353":0,"354":0,"355":0,"356":0,"357":0,"358":0,"359":0,"360":0,"361":0,"362":0,"363":0,"364":0,"365":0,"366":0,"367":0,"368":0,"369":1,"370":0,"371":0,"372":0,"373":0,"374":0,"375":0,"376":0,"377":0,"378":0,"379":0,"380":0,"381":0,"382":0,"383":1,"384":0,"385":1,"386":0,"387":0,"388":0,"389":1,"390":0,"391":0,"392":0,"393":0,"394":0,"395":1,"396":0,"397":0,"398":0,"399":0,"400":0,"401":1,"402":0,"403":0,"404":0,"405":0,"406":0,"407":0,"408":0,"409":0,"410":0,"411":1,"412":0,"413":0,"414":0,"415":0,"416":0,"417":0,"418":0,"419":0,"420":0,"421":0,"422":1,"423":0,"424":0,"425":0,"426":0,"427":0,"428":0,"429":1,"430":0,"431":0,"432":0,"433":0,"434":1,"435":0,"436":0,"437":0,"438":0,"439":0,"440":0,"441":1,"442":0,"443":0,"444":0,"445":0,"446":0,"447":0,"448":0,"449":0,"450":0,"451":0,"452":0,"453":1,"454":0,"455":0,"456":0,"457":0,"458":1,"459":0,"460":0,"461":0,"462":0,"463":0,"464":0,"465":0,"466":0,"467":0,"468":0,"469":0,"470":0,"471":0,"472":0,"473":0,"474":0,"475":0,"476":0,"477":0,"478":0,"479":1,"480":0,"481":0,"482":0,"483":0,"484":0,"485":0,"486":0,"487":0,"488":0,"489":0,"490":0,"491":0,"492":0,"493":0,"494":1,"495":0,"496":0,"497":0,"498":0,"499":0,"500":1,"501":0,"502":1,"503":0,"504":0,"505":0,"506":0,"507":0,"508":0,"509":0,"510":0,"511":0,"512":0,"513":0,"514":0,"515":1,"516":0,"517":0,"518":0,"519":0,"520":0,"521":1,"522":0,"523":0,"524":0,"525":0,"526":0,"527":0,"528":0,"529":0,"530":0,"531":0,"532":0,"533":0,"534":0,"535":0,"536":0,"537":0,"538":0,"539":0,"540":0,"541":0,"542":0,"543":0,"544":0,"545":0,"546":0,"547":0,"548":0,"549":0,"550":0,"551":0,"552":0,"553":0,"554":0,"555":0,"556":0,"557":0,"558":1,"559":0,"560":0,"561":1,"562":0,"563":0,"564":0,"565":1,"566":0,"567":0,"568":0,"569":0,"570":0,"571":0,"572":0,"573":0,"574":0,"575":0,"576":0,"577":0,"578":0,"579":0,"580":0,"581":0,"582":0,"583":0,"584":0,"585":0,"586":0,"587":0,"588":0,"589":0,"590":0,"591":0,"592":0,"593":0,"594":0,"595":0,"596":0,"597":0,"598":0,"599":0,"600":0,"601":0,"602":0,"603":0,"604":0,"605":0,"606":0,"607":0,"608":0,"609":0,"610":0,"611":0,"612":0,"613":1,"614":0,"615":1,"616":0,"617":1,"618":0,"619":1,"620":0,"621":1,"622":0,"623":1,"624":0,"625":1,"626":0,"627":1,"628":0,"629":1,"630":0,"631":1,"632":0,"633":0,"634":0,"635":0,"636":0,"637":0,"638":0,"639":0,"640":0,"641":0,"642":0,"643":1,"644":0,"645":0,"646":0,"647":0,"648":1,"649":0,"650":0,"651":0,"652":0,"653":0,"654":0,"655":0,"656":0,"657":0,"658":0,"659":0,"660":0,"661":0,"662":0,"663":0,"664":0,"665":0,"666":0,"667":0,"668":0,"669":0,"670":0,"671":0,"672":0,"673":0,"674":0,"675":0},"b":{"1":[0,2],"2":[2,0],"3":[2,0],"4":[2,2],"5":[0,0],"6":[0,0],"7":[0,0],"8":[0,0],"9":[0,0],"10":[0,0],"11":[0,0],"12":[0,0],"13":[0,0],"14":[0,0],"15":[0,0],"16":[0,0],"17":[0,0],"18":[0,0],"19":[0,0],"20":[0,0],"21":[0,0],"22":[0,0],"23":[0,0],"24":[0,0],"25":[0,0],"26":[0,0],"27":[0,0],"28":[0,0],"29":[0,0,0],"30":[0,0],"31":[0,0],"32":[0,0],"33":[0,0],"34":[0,0],"35":[0,0],"36":[0,0],"37":[0,0],"38":[0,0],"39":[0,0],"40":[0,0],"41":[0,0],"42":[0,0],"43":[0,0],"44":[0,0],"45":[0,0],"46":[0,0],"47":[0,0],"48":[0,0],"49":[0,0,0],"50":[0,0],"51":[0,0],"52":[0,0],"53":[0,0],"54":[0,0],"55":[0,0],"56":[0,0],"57":[0,0],"58":[0,0],"59":[0,0],"60":[0,0],"61":[0,0],"62":[0,0],"63":[0,0],"64":[0,0],"65":[0,0,0],"66":[0,0],"67":[0,0],"68":[0,0],"69":[0,0],"70":[0,0],"71":[0,0],"72":[0,0],"73":[0,0],"74":[0,0],"75":[0,0],"76":[0,0],"77":[0,0],"78":[0,0],"79":[0,0],"80":[0,0],"81":[0,0],"82":[0,0],"83":[0,0],"84":[0,0],"85":[0,0],"86":[0,0],"87":[0,0],"88":[0,0],"89":[0,0],"90":[0,0],"91":[0,0],"92":[0,0],"93":[0,0],"94":[0,0],"95":[0,0],"96":[0,0],"97":[0,0],"98":[0,0],"99":[0,0],"100":[0,0],"101":[0,0],"102":[0,0],"103":[0,0],"104":[0,0],"105":[0,0],"106":[0,0],"107":[0,0],"108":[0,0],"109":[0,0],"110":[0,0],"111":[0,0],"112":[0,0],"113":[0,0],"114":[0,0],"115":[0,0],"116":[0,0],"117":[0,0],"118":[0,0],"119":[0,0],"120":[0,0],"121":[0,0],"122":[0,0],"123":[0,0],"124":[0,0],"125":[0,0],"126":[0,0],"127":[0,0],"128":[0,0],"129":[0,0],"130":[0,0],"131":[0,0],"132":[0,0],"133":[0,0],"134":[0,0,0],"135":[0,0],"136":[0,0],"137":[0,0],"138":[0,0],"139":[0,0],"140":[0,0],"141":[0,0],"142":[0,0],"143":[0,0],"144":[0,0],"145":[0,0],"146":[0,0],"147":[0,0],"148":[0,0],"149":[0,0],"150":[0,0],"151":[0,0],"152":[0,0,0]},"f":{"1":2,"2":0,"3":0,"4":0,"5":0,"6":0,"7":0,"8":0,"9":0,"10":0,"11":0,"12":0,"13":0,"14":0,"15":0,"16":0,"17":0,"18":0,"19":0,"20":0,"21":0,"22":0,"23":0,"24":0,"25":0,"26":0,"27":0,"28":0,"29":0,"30":0,"31":0,"32":0,"33":0,"34":0,"35":0,"36":0,"37":0,"38":0,"39":0,"40":0,"41":0,"42":0,"43":0,"44":0,"45":0,"46":0,"47":0,"48":0,"49":0,"50":0,"51":0,"52":0,"53":0,"54":0,"55":0,"56":0,"57":0,"58":0,"59":0,"60":0,"61":0,"62":0,"63":0,"64":0,"65":0,"66":0,"67":0,"68":0,"69":0,"70":0,"71":0,"72":0,"73":0,"74":0,"75":0,"76":0,"77":0,"78":0,"79":0,"80":0,"81":0,"82":0,"83":0,"84":0,"85":0,"86":0,"87":0,"88":0,"89":0,"90":0,"91":0,"92":0,"93":0,"94":0,"95":0,"96":0,"97":0,"98":0,"99":0,"100":0,"101":0,"102":0,"103":0,"104":0,"105":0,"106":0,"107":0,"108":0,"109":0,"110":0,"111":0,"112":0,"113":0,"114":0,"115":0,"116":0,"117":0,"118":0,"119":0,"120":0,"121":0,"122":0,"123":0,"124":0,"125":0,"126":0,"127":0,"128":0,"129":0,"130":0,"131":0,"132":0,"133":0,"134":0,"135":0,"136":0,"137":0,"138":0,"139":0,"140":0},"fnMap":{"1":{"name":"(anonymous_1)","line":6,"loc":{"start":{"line":6,"column":4},"end":{"line":6,"column":28}}},"2":{"name":"(anonymous_2)","line":17,"loc":{"start":{"line":17,"column":8},"end":{"line":17,"column":29}}},"3":{"name":"(anonymous_3)","line":21,"loc":{"start":{"line":21,"column":38},"end":{"line":21,"column":49}}},"4":{"name":"(anonymous_4)","line":24,"loc":{"start":{"line":24,"column":22},"end":{"line":24,"column":47}}},"5":{"name":"(anonymous_5)","line":31,"loc":{"start":{"line":31,"column":22},"end":{"line":31,"column":42}}},"6":{"name":"(anonymous_6)","line":36,"loc":{"start":{"line":36,"column":29},"end":{"line":36,"column":46}}},"7":{"name":"(anonymous_7)","line":43,"loc":{"start":{"line":43,"column":38},"end":{"line":43,"column":54}}},"8":{"name":"(anonymous_8)","line":50,"loc":{"start":{"line":50,"column":26},"end":{"line":50,"column":47}}},"9":{"name":"(anonymous_9)","line":61,"loc":{"start":{"line":61,"column":30},"end":{"line":61,"column":55}}},"10":{"name":"(anonymous_10)","line":70,"loc":{"start":{"line":70,"column":36},"end":{"line":70,"column":53}}},"11":{"name":"(anonymous_11)","line":79,"loc":{"start":{"line":79,"column":33},"end":{"line":79,"column":49}}},"12":{"name":"(anonymous_12)","line":84,"loc":{"start":{"line":84,"column":30},"end":{"line":84,"column":61}}},"13":{"name":"(anonymous_13)","line":89,"loc":{"start":{"line":89,"column":28},"end":{"line":89,"column":45}}},"14":{"name":"(anonymous_14)","line":101,"loc":{"start":{"line":101,"column":39},"end":{"line":101,"column":64}}},"15":{"name":"(anonymous_15)","line":114,"loc":{"start":{"line":114,"column":24},"end":{"line":114,"column":41}}},"16":{"name":"(anonymous_16)","line":123,"loc":{"start":{"line":123,"column":33},"end":{"line":123,"column":51}}},"17":{"name":"(anonymous_17)","line":135,"loc":{"start":{"line":135,"column":35},"end":{"line":135,"column":52}}},"18":{"name":"(anonymous_18)","line":145,"loc":{"start":{"line":145,"column":24},"end":{"line":145,"column":41}}},"19":{"name":"(anonymous_19)","line":149,"loc":{"start":{"line":149,"column":33},"end":{"line":149,"column":58}}},"20":{"name":"(anonymous_20)","line":151,"loc":{"start":{"line":151,"column":45},"end":{"line":151,"column":59}}},"21":{"name":"(anonymous_21)","line":160,"loc":{"start":{"line":160,"column":29},"end":{"line":160,"column":44}}},"22":{"name":"(anonymous_22)","line":231,"loc":{"start":{"line":231,"column":36},"end":{"line":231,"column":56}}},"23":{"name":"(anonymous_23)","line":237,"loc":{"start":{"line":237,"column":33},"end":{"line":237,"column":47}}},"24":{"name":"(anonymous_24)","line":241,"loc":{"start":{"line":241,"column":30},"end":{"line":241,"column":59}}},"25":{"name":"(anonymous_25)","line":244,"loc":{"start":{"line":244,"column":38},"end":{"line":244,"column":53}}},"26":{"name":"(anonymous_26)","line":252,"loc":{"start":{"line":252,"column":32},"end":{"line":252,"column":54}}},"27":{"name":"(anonymous_27)","line":255,"loc":{"start":{"line":255,"column":27},"end":{"line":255,"column":42}}},"28":{"name":"(anonymous_28)","line":263,"loc":{"start":{"line":263,"column":27},"end":{"line":263,"column":60}}},"29":{"name":"(anonymous_29)","line":268,"loc":{"start":{"line":268,"column":29},"end":{"line":268,"column":44}}},"30":{"name":"(anonymous_30)","line":272,"loc":{"start":{"line":272,"column":25},"end":{"line":272,"column":42}}},"31":{"name":"(anonymous_31)","line":276,"loc":{"start":{"line":276,"column":28},"end":{"line":276,"column":62}}},"32":{"name":"(anonymous_32)","line":281,"loc":{"start":{"line":281,"column":30},"end":{"line":281,"column":45}}},"33":{"name":"(anonymous_33)","line":286,"loc":{"start":{"line":286,"column":34},"end":{"line":286,"column":50}}},"34":{"name":"(anonymous_34)","line":291,"loc":{"start":{"line":291,"column":39},"end":{"line":291,"column":54}}},"35":{"name":"(anonymous_35)","line":307,"loc":{"start":{"line":307,"column":42},"end":{"line":307,"column":106}}},"36":{"name":"(anonymous_36)","line":311,"loc":{"start":{"line":311,"column":33},"end":{"line":311,"column":90}}},"37":{"name":"(anonymous_37)","line":315,"loc":{"start":{"line":315,"column":29},"end":{"line":315,"column":51}}},"38":{"name":"(anonymous_38)","line":322,"loc":{"start":{"line":322,"column":38},"end":{"line":322,"column":58}}},"39":{"name":"(anonymous_39)","line":328,"loc":{"start":{"line":328,"column":35},"end":{"line":328,"column":57}}},"40":{"name":"(anonymous_40)","line":347,"loc":{"start":{"line":347,"column":34},"end":{"line":347,"column":103}}},"41":{"name":"(anonymous_41)","line":356,"loc":{"start":{"line":356,"column":38},"end":{"line":356,"column":107}}},"42":{"name":"(anonymous_42)","line":359,"loc":{"start":{"line":359,"column":38},"end":{"line":359,"column":69}}},"43":{"name":"(anonymous_43)","line":365,"loc":{"start":{"line":365,"column":37},"end":{"line":365,"column":59}}},"44":{"name":"(anonymous_44)","line":366,"loc":{"start":{"line":366,"column":40},"end":{"line":366,"column":106}}},"45":{"name":"(anonymous_45)","line":379,"loc":{"start":{"line":379,"column":41},"end":{"line":379,"column":63}}},"46":{"name":"(anonymous_46)","line":386,"loc":{"start":{"line":386,"column":81},"end":{"line":386,"column":96}}},"47":{"name":"(anonymous_47)","line":389,"loc":{"start":{"line":389,"column":46},"end":{"line":389,"column":61}}},"48":{"name":"(anonymous_48)","line":394,"loc":{"start":{"line":394,"column":51},"end":{"line":394,"column":73}}},"49":{"name":"(anonymous_49)","line":406,"loc":{"start":{"line":406,"column":69},"end":{"line":406,"column":84}}},"50":{"name":"(anonymous_50)","line":409,"loc":{"start":{"line":409,"column":40},"end":{"line":409,"column":55}}},"51":{"name":"(anonymous_51)","line":414,"loc":{"start":{"line":414,"column":59},"end":{"line":414,"column":70}}},"52":{"name":"(anonymous_52)","line":417,"loc":{"start":{"line":417,"column":29},"end":{"line":417,"column":46}}},"53":{"name":"(anonymous_53)","line":419,"loc":{"start":{"line":419,"column":36},"end":{"line":419,"column":52}}},"54":{"name":"(anonymous_54)","line":423,"loc":{"start":{"line":423,"column":36},"end":{"line":423,"column":47}}},"55":{"name":"(anonymous_55)","line":440,"loc":{"start":{"line":440,"column":32},"end":{"line":440,"column":52}}},"56":{"name":"(anonymous_56)","line":450,"loc":{"start":{"line":450,"column":37},"end":{"line":450,"column":73}}},"57":{"name":"(anonymous_57)","line":460,"loc":{"start":{"line":460,"column":28},"end":{"line":460,"column":49}}},"58":{"name":"(anonymous_58)","line":482,"loc":{"start":{"line":482,"column":32},"end":{"line":482,"column":52}}},"59":{"name":"(anonymous_59)","line":486,"loc":{"start":{"line":486,"column":27},"end":{"line":486,"column":47}}},"60":{"name":"(anonymous_60)","line":490,"loc":{"start":{"line":490,"column":29},"end":{"line":490,"column":85}}},"61":{"name":"(anonymous_61)","line":499,"loc":{"start":{"line":499,"column":36},"end":{"line":499,"column":58}}},"62":{"name":"(anonymous_62)","line":508,"loc":{"start":{"line":508,"column":35},"end":{"line":508,"column":57}}},"63":{"name":"(anonymous_63)","line":519,"loc":{"start":{"line":519,"column":46},"end":{"line":519,"column":63}}},"64":{"name":"(anonymous_64)","line":524,"loc":{"start":{"line":524,"column":31},"end":{"line":524,"column":46}}},"65":{"name":"(anonymous_65)","line":537,"loc":{"start":{"line":537,"column":24},"end":{"line":537,"column":35}}},"66":{"name":"(anonymous_66)","line":539,"loc":{"start":{"line":539,"column":40},"end":{"line":539,"column":57}}},"67":{"name":"(anonymous_67)","line":544,"loc":{"start":{"line":544,"column":43},"end":{"line":544,"column":61}}},"68":{"name":"RestangularResource","line":553,"loc":{"start":{"line":553,"column":6},"end":{"line":553,"column":67}}},"69":{"name":"(anonymous_69)","line":555,"loc":{"start":{"line":555,"column":35},"end":{"line":555,"column":49}}},"70":{"name":"(anonymous_70)","line":567,"loc":{"start":{"line":567,"column":28},"end":{"line":567,"column":39}}},"71":{"name":"(anonymous_71)","line":575,"loc":{"start":{"line":575,"column":28},"end":{"line":575,"column":43}}},"72":{"name":"(anonymous_72)","line":588,"loc":{"start":{"line":588,"column":39},"end":{"line":588,"column":129}}},"73":{"name":"(anonymous_73)","line":688,"loc":{"start":{"line":688,"column":17},"end":{"line":688,"column":28}}},"74":{"name":"(anonymous_74)","line":692,"loc":{"start":{"line":692,"column":36},"end":{"line":692,"column":50}}},"75":{"name":"(anonymous_75)","line":698,"loc":{"start":{"line":698,"column":28},"end":{"line":698,"column":46}}},"76":{"name":"(anonymous_76)","line":700,"loc":{"start":{"line":700,"column":52},"end":{"line":700,"column":73}}},"77":{"name":"(anonymous_77)","line":738,"loc":{"start":{"line":738,"column":32},"end":{"line":738,"column":56}}},"78":{"name":"(anonymous_78)","line":746,"loc":{"start":{"line":746,"column":41},"end":{"line":746,"column":65}}},"79":{"name":"sortedKeys","line":756,"loc":{"start":{"line":756,"column":8},"end":{"line":756,"column":33}}},"80":{"name":"forEachSorted","line":766,"loc":{"start":{"line":766,"column":8},"end":{"line":766,"column":55}}},"81":{"name":"encodeUriQuery","line":774,"loc":{"start":{"line":774,"column":8},"end":{"line":774,"column":54}}},"82":{"name":"(anonymous_82)","line":788,"loc":{"start":{"line":788,"column":30},"end":{"line":788,"column":51}}},"83":{"name":"(anonymous_83)","line":796,"loc":{"start":{"line":796,"column":33},"end":{"line":796,"column":45}}},"84":{"name":"(anonymous_84)","line":816,"loc":{"start":{"line":816,"column":32},"end":{"line":816,"column":52}}},"85":{"name":"createServiceForConfiguration","line":818,"loc":{"start":{"line":818,"column":6},"end":{"line":818,"column":53}}},"86":{"name":"restangularizeBase","line":824,"loc":{"start":{"line":824,"column":8},"end":{"line":824,"column":80}}},"87":{"name":"one","line":870,"loc":{"start":{"line":870,"column":8},"end":{"line":870,"column":51}}},"88":{"name":"all","line":889,"loc":{"start":{"line":889,"column":8},"end":{"line":889,"column":36}}},"89":{"name":"several","line":893,"loc":{"start":{"line":893,"column":8},"end":{"line":893,"column":52}}},"90":{"name":"oneUrl","line":899,"loc":{"start":{"line":899,"column":8},"end":{"line":899,"column":44}}},"91":{"name":"allUrl","line":909,"loc":{"start":{"line":909,"column":8},"end":{"line":909,"column":44}}},"92":{"name":"restangularizePromise","line":918,"loc":{"start":{"line":918,"column":8},"end":{"line":918,"column":75}}},"93":{"name":"promiseCall","line":932,"loc":{"start":{"line":932,"column":8},"end":{"line":932,"column":37}}},"94":{"name":"(anonymous_94)","line":936,"loc":{"start":{"line":936,"column":20},"end":{"line":936,"column":34}}},"95":{"name":"promiseGet","line":946,"loc":{"start":{"line":946,"column":8},"end":{"line":946,"column":34}}},"96":{"name":"(anonymous_96)","line":949,"loc":{"start":{"line":949,"column":20},"end":{"line":949,"column":34}}},"97":{"name":"resolvePromise","line":956,"loc":{"start":{"line":956,"column":8},"end":{"line":956,"column":71}}},"98":{"name":"stripRestangular","line":971,"loc":{"start":{"line":971,"column":8},"end":{"line":971,"column":40}}},"99":{"name":"(anonymous_99)","line":974,"loc":{"start":{"line":974,"column":25},"end":{"line":974,"column":41}}},"100":{"name":"addCustomOperation","line":983,"loc":{"start":{"line":983,"column":8},"end":{"line":983,"column":42}}},"101":{"name":"(anonymous_101)","line":989,"loc":{"start":{"line":989,"column":43},"end":{"line":989,"column":58}}},"102":{"name":"(anonymous_102)","line":990,"loc":{"start":{"line":990,"column":35},"end":{"line":990,"column":84}}},"103":{"name":"(anonymous_103)","line":994,"loc":{"start":{"line":994,"column":33},"end":{"line":994,"column":61}}},"104":{"name":"(anonymous_104)","line":996,"loc":{"start":{"line":996,"column":37},"end":{"line":996,"column":53}}},"105":{"name":"copyRestangularizedElement","line":1004,"loc":{"start":{"line":1004,"column":8},"end":{"line":1004,"column":53}}},"106":{"name":"restangularizeElem","line":1031,"loc":{"start":{"line":1031,"column":8},"end":{"line":1031,"column":95}}},"107":{"name":"(anonymous_107)","line":1041,"loc":{"start":{"line":1041,"column":64},"end":{"line":1041,"column":75}}},"108":{"name":"restangularizeCollection","line":1062,"loc":{"start":{"line":1062,"column":8},"end":{"line":1062,"column":89}}},"109":{"name":"restangularizeCollectionAndElements","line":1081,"loc":{"start":{"line":1081,"column":8},"end":{"line":1081,"column":89}}},"110":{"name":"(anonymous_110)","line":1083,"loc":{"start":{"line":1083,"column":29},"end":{"line":1083,"column":44}}},"111":{"name":"getById","line":1091,"loc":{"start":{"line":1091,"column":8},"end":{"line":1091,"column":49}}},"112":{"name":"putElementFunction","line":1095,"loc":{"start":{"line":1095,"column":8},"end":{"line":1095,"column":58}}},"113":{"name":"(anonymous_113)","line":1101,"loc":{"start":{"line":1101,"column":46},"end":{"line":1101,"column":67}}},"114":{"name":"(anonymous_114)","line":1106,"loc":{"start":{"line":1106,"column":13},"end":{"line":1106,"column":32}}},"115":{"name":"parseResponse","line":1113,"loc":{"start":{"line":1113,"column":8},"end":{"line":1113,"column":88}}},"116":{"name":"fetchFunction","line":1123,"loc":{"start":{"line":1123,"column":8},"end":{"line":1123,"column":57}}},"117":{"name":"(anonymous_117)","line":1142,"loc":{"start":{"line":1142,"column":27},"end":{"line":1142,"column":46}}},"118":{"name":"(anonymous_118)","line":1159,"loc":{"start":{"line":1159,"column":44},"end":{"line":1159,"column":59}}},"119":{"name":"error","line":1200,"loc":{"start":{"line":1200,"column":87},"end":{"line":1200,"column":112}}},"120":{"name":"(anonymous_120)","line":1203,"loc":{"start":{"line":1203,"column":57},"end":{"line":1203,"column":70}}},"121":{"name":"withHttpConfig","line":1214,"loc":{"start":{"line":1214,"column":8},"end":{"line":1214,"column":44}}},"122":{"name":"save","line":1219,"loc":{"start":{"line":1219,"column":8},"end":{"line":1219,"column":39}}},"123":{"name":"elemFunction","line":1227,"loc":{"start":{"line":1227,"column":8},"end":{"line":1227,"column":69}}},"124":{"name":"(anonymous_124)","line":1247,"loc":{"start":{"line":1247,"column":27},"end":{"line":1247,"column":46}}},"125":{"name":"(anonymous_125)","line":1289,"loc":{"start":{"line":1289,"column":30},"end":{"line":1289,"column":49}}},"126":{"name":"(anonymous_126)","line":1292,"loc":{"start":{"line":1292,"column":57},"end":{"line":1292,"column":70}}},"127":{"name":"getFunction","line":1328,"loc":{"start":{"line":1328,"column":8},"end":{"line":1328,"column":46}}},"128":{"name":"deleteFunction","line":1332,"loc":{"start":{"line":1332,"column":8},"end":{"line":1332,"column":49}}},"129":{"name":"putFunction","line":1336,"loc":{"start":{"line":1336,"column":8},"end":{"line":1336,"column":46}}},"130":{"name":"postFunction","line":1340,"loc":{"start":{"line":1340,"column":8},"end":{"line":1340,"column":59}}},"131":{"name":"headFunction","line":1344,"loc":{"start":{"line":1344,"column":8},"end":{"line":1344,"column":47}}},"132":{"name":"traceFunction","line":1348,"loc":{"start":{"line":1348,"column":8},"end":{"line":1348,"column":48}}},"133":{"name":"optionsFunction","line":1352,"loc":{"start":{"line":1352,"column":8},"end":{"line":1352,"column":50}}},"134":{"name":"patchFunction","line":1356,"loc":{"start":{"line":1356,"column":8},"end":{"line":1356,"column":54}}},"135":{"name":"customFunction","line":1360,"loc":{"start":{"line":1360,"column":8},"end":{"line":1360,"column":72}}},"136":{"name":"addRestangularMethodFunction","line":1364,"loc":{"start":{"line":1364,"column":8},"end":{"line":1364,"column":113}}},"137":{"name":"(anonymous_137)","line":1372,"loc":{"start":{"line":1372,"column":32},"end":{"line":1372,"column":64}}},"138":{"name":"(anonymous_138)","line":1388,"loc":{"start":{"line":1388,"column":25},"end":{"line":1388,"column":57}}},"139":{"name":"withConfigurationFunction","line":1394,"loc":{"start":{"line":1394,"column":8},"end":{"line":1394,"column":55}}},"140":{"name":"toService","line":1401,"loc":{"start":{"line":1401,"column":8},"end":{"line":1401,"column":42}}}},"statementMap":{"1":{"start":{"line":6,"column":3},"end":{"line":1452,"column":4}},"2":{"start":{"line":9,"column":2},"end":{"line":16,"column":3}},"3":{"start":{"line":10,"column":4},"end":{"line":10,"column":43}},"4":{"start":{"line":11,"column":9},"end":{"line":16,"column":3}},"5":{"start":{"line":12,"column":4},"end":{"line":12,"column":68}},"6":{"start":{"line":15,"column":4},"end":{"line":15,"column":34}},"7":{"start":{"line":19,"column":2},"end":{"line":19,"column":54}},"8":{"start":{"line":21,"column":2},"end":{"line":1450,"column":5}},"9":{"start":{"line":23,"column":4},"end":{"line":23,"column":24}},"10":{"start":{"line":24,"column":4},"end":{"line":808,"column":6}},"11":{"start":{"line":25,"column":6},"end":{"line":25,"column":36}},"12":{"start":{"line":30,"column":6},"end":{"line":30,"column":71}},"13":{"start":{"line":31,"column":6},"end":{"line":33,"column":8}},"14":{"start":{"line":32,"column":8},"end":{"line":32,"column":64}},"15":{"start":{"line":35,"column":6},"end":{"line":35,"column":44}},"16":{"start":{"line":36,"column":6},"end":{"line":40,"column":8}},"17":{"start":{"line":37,"column":8},"end":{"line":39,"column":29}},"18":{"start":{"line":42,"column":6},"end":{"line":42,"column":89}},"19":{"start":{"line":43,"column":6},"end":{"line":45,"column":8}},"20":{"start":{"line":44,"column":8},"end":{"line":44,"column":35}},"21":{"start":{"line":49,"column":6},"end":{"line":49,"column":75}},"22":{"start":{"line":50,"column":6},"end":{"line":55,"column":8}},"23":{"start":{"line":51,"column":8},"end":{"line":53,"column":21}},"24":{"start":{"line":54,"column":8},"end":{"line":54,"column":20}},"25":{"start":{"line":60,"column":6},"end":{"line":60,"column":52}},"26":{"start":{"line":61,"column":6},"end":{"line":64,"column":8}},"27":{"start":{"line":62,"column":8},"end":{"line":62,"column":44}},"28":{"start":{"line":63,"column":8},"end":{"line":63,"column":20}},"29":{"start":{"line":69,"column":6},"end":{"line":69,"column":64}},"30":{"start":{"line":70,"column":6},"end":{"line":73,"column":8}},"31":{"start":{"line":71,"column":8},"end":{"line":71,"column":42}},"32":{"start":{"line":72,"column":8},"end":{"line":72,"column":20}},"33":{"start":{"line":78,"column":6},"end":{"line":78,"column":61}},"34":{"start":{"line":79,"column":6},"end":{"line":82,"column":8}},"35":{"start":{"line":80,"column":8},"end":{"line":80,"column":62}},"36":{"start":{"line":81,"column":8},"end":{"line":81,"column":20}},"37":{"start":{"line":84,"column":6},"end":{"line":86,"column":8}},"38":{"start":{"line":85,"column":8},"end":{"line":85,"column":74}},"39":{"start":{"line":88,"column":6},"end":{"line":88,"column":83}},"40":{"start":{"line":89,"column":6},"end":{"line":91,"column":8}},"41":{"start":{"line":90,"column":8},"end":{"line":90,"column":34}},"42":{"start":{"line":93,"column":6},"end":{"line":99,"column":8}},"43":{"start":{"line":101,"column":6},"end":{"line":118,"column":8}},"44":{"start":{"line":102,"column":8},"end":{"line":103,"column":36}},"45":{"start":{"line":104,"column":8},"end":{"line":112,"column":9}},"46":{"start":{"line":105,"column":10},"end":{"line":109,"column":11}},"47":{"start":{"line":106,"column":12},"end":{"line":106,"column":29}},"48":{"start":{"line":108,"column":12},"end":{"line":108,"column":33}},"49":{"start":{"line":111,"column":10},"end":{"line":111,"column":33}},"50":{"start":{"line":114,"column":8},"end":{"line":116,"column":11}},"51":{"start":{"line":115,"column":10},"end":{"line":115,"column":55}},"52":{"start":{"line":117,"column":8},"end":{"line":117,"column":20}},"53":{"start":{"line":120,"column":6},"end":{"line":120,"column":57}},"54":{"start":{"line":122,"column":6},"end":{"line":122,"column":58}},"55":{"start":{"line":123,"column":6},"end":{"line":127,"column":8}},"56":{"start":{"line":124,"column":8},"end":{"line":124,"column":40}},"57":{"start":{"line":125,"column":8},"end":{"line":125,"column":54}},"58":{"start":{"line":126,"column":8},"end":{"line":126,"column":20}},"59":{"start":{"line":129,"column":6},"end":{"line":129,"column":52}},"60":{"start":{"line":134,"column":6},"end":{"line":134,"column":62}},"61":{"start":{"line":135,"column":6},"end":{"line":142,"column":8}},"62":{"start":{"line":136,"column":8},"end":{"line":136,"column":46}},"63":{"start":{"line":137,"column":8},"end":{"line":139,"column":9}},"64":{"start":{"line":138,"column":10},"end":{"line":138,"column":36}},"65":{"start":{"line":140,"column":8},"end":{"line":140,"column":45}},"66":{"start":{"line":141,"column":8},"end":{"line":141,"column":20}},"67":{"start":{"line":144,"column":6},"end":{"line":144,"column":72}},"68":{"start":{"line":145,"column":6},"end":{"line":147,"column":8}},"69":{"start":{"line":146,"column":8},"end":{"line":146,"column":30}},"70":{"start":{"line":149,"column":6},"end":{"line":154,"column":8}},"71":{"start":{"line":150,"column":8},"end":{"line":150,"column":55}},"72":{"start":{"line":151,"column":8},"end":{"line":153,"column":12}},"73":{"start":{"line":152,"column":10},"end":{"line":152,"column":60}},"74":{"start":{"line":159,"column":6},"end":{"line":159,"column":54}},"75":{"start":{"line":160,"column":6},"end":{"line":167,"column":8}},"76":{"start":{"line":161,"column":8},"end":{"line":163,"column":9}},"77":{"start":{"line":162,"column":10},"end":{"line":162,"column":60}},"78":{"start":{"line":165,"column":8},"end":{"line":165,"column":33}},"79":{"start":{"line":166,"column":8},"end":{"line":166,"column":20}},"80":{"start":{"line":179,"column":6},"end":{"line":230,"column":8}},"81":{"start":{"line":231,"column":6},"end":{"line":235,"column":8}},"82":{"start":{"line":232,"co
[...]
then(function(serverElem) {","            var newArray = copyRestangularizedElement(__this);","            newArray[idx] = serverElem;","            filledArray = newArray;","            deferred.resolve(newArray);","          }, function(response) {","            deferred.reject(response);","          });","","          return restangularizePromise(deferred.promise, true, filledArray);","        }","","        function parseResponse(resData, operation, route, fetchUrl, response, deferred) {","          var data = config.responseExtractor(resData, operation, route, fetchUrl, response, deferred);","          var etag = response.headers('ETag');","          if (data && etag) {","            data[config.restangularFields.etag] = etag;","          }","          return data;","        }","","","        function fetchFunction(what, reqParams, headers) {","          var __this = this;","          var deferred = $q.defer();","          var operation = 'getList';","          var url = urlHandler.fetchUrl(this, what);","          var whatFetched = what || __this[config.restangularFields.route];","","          var request = config.fullRequestInterceptor(null, operation,","            whatFetched, url, headers || {}, reqParams || {}, this[config.restangularFields.httpConfig] || {});","","          var filledArray = [];","          filledArray = config.transformElem(filledArray, true, whatFetched, service);","","          var method = 'getList';","","          if (config.jsonp) {","            method = 'jsonp';","          }","","          var okCallback = function(response) {","            var resData = response.data;","            var fullParams = response.config.params;","            var data = parseResponse(resData, operation, whatFetched, url, response, deferred);","","            // support empty response for getList() calls (some APIs respond with 204 and empty body)","            if (_.isUndefined(data) || '' === data) {","              data = [];","            }","            if (!_.isArray(data)) {","              throw new Error('Response for getList SHOULD be an array and not an object or something else');","            }","","            if (true === config.plainByDefault) {","              return resolvePromise(deferred, response, data, filledArray);","            }","","            var processedData = _.map(data, function(elem) {","              if (!__this[config.restangularFields.restangularCollection]) {","                return restangularizeElem(__this, elem, what, true, data);","              } else {","                return restangularizeElem(__this[config.restangularFields.parentResource],","                  elem, __this[config.restangularFields.route], true, data);","              }","            });","","            processedData = _.extend(data, processedData);","","            if (!__this[config.restangularFields.restangularCollection]) {","              resolvePromise(","                deferred,","                response,","                restangularizeCollection(","                  __this,","                  processedData,","                  what,","                  true,","                  fullParams","                ),","                filledArray","              );","            } else {","              resolvePromise(","                deferred,","                response,","                restangularizeCollection(","                  __this[config.restangularFields.parentResource],","                  processedData,","                  __this[config.restangularFields.route],","                  true,","                  fullParams","                ),","                filledArray","              );","            }","          };","","          urlHandler.resource(this, $http, request.httpConfig, request.headers, request.params, what,","            this[config.restangularFields.etag], operation)[method]().then(okCallback, function error(response) {","            if (response.status === 304 && __this[config.restangularFields.restangularCollection]) {","              resolvePromise(deferred, response, __this, filledArray);","            } else if (_.every(config.errorInterceptors, function(cb) {","                return cb(response, deferred, okCallback) !== false;","              })) {","              // triggered if no callback returns false","              deferred.reject(response);","            }","          });","","          return restangularizePromise(deferred.promise, true, filledArray);","        }","","        function withHttpConfig(httpConfig) {","          this[config.restangularFields.httpConfig] = httpConfig;","          return this;","        }","","        function save(params, headers) {","          if (this[config.restangularFields.fromServer]) {","            return this[config.restangularFields.put](params, headers);","          } else {","            return _.bind(elemFunction, this)('post', undefined, params, undefined, headers);","          }","        }","","        function elemFunction(operation, what, params, obj, headers) {","          var __this = this;","          var deferred = $q.defer();","          var resParams = params || {};","          var route = what || this[config.restangularFields.route];","          var fetchUrl = urlHandler.fetchUrl(this, what);","","          var callObj = obj || this;","          // fallback to etag on restangular object (since for custom methods we probably don't explicitly specify the etag field)","          var etag = callObj[config.restangularFields.etag] || (operation !== 'post' ? this[config.restangularFields.etag] : null);","","          if (_.isObject(callObj) && config.isRestangularized(callObj)) {","            callObj = stripRestangular(callObj);","          }","          var request = config.fullRequestInterceptor(callObj, operation, route, fetchUrl,","            headers || {}, resParams || {}, this[config.restangularFields.httpConfig] || {});","","          var filledObject = {};","          filledObject = config.transformElem(filledObject, false, route, service);","","          var okCallback = function(response) {","            var resData = response.data;","            var fullParams = response.config.params;","            var elem = parseResponse(resData, operation, route, fetchUrl, response, deferred);","","            // accept 0 as response","            if (elem !== null && elem !== undefined && elem !== '') {","              var data;","","              if (true === config.plainByDefault) {","                return resolvePromise(deferred, response, elem, filledObject);","              }","","              if (operation === 'post' && !__this[config.restangularFields.restangularCollection]) {","                data = restangularizeElem(","                  __this[config.restangularFields.parentResource],","                  elem,","                  route,","                  true,","                  null,","                  fullParams","                );","                resolvePromise(deferred, response, data, filledObject);","              } else {","                data = restangularizeElem(","                  __this[config.restangularFields.parentResource],","                  elem,","                  __this[config.restangularFields.route],","                  true,","                  null,","                  fullParams","                );","","                data[config.restangularFields.singleOne] = __this[config.restangularFields.singleOne];","                resolvePromise(deferred, response, data, filledObject);","              }","","            } else {","              resolvePromise(deferred, response, undefined, filledObject);","            }","          };","","          var errorCallback = function(response) {","            if (response.status === 304 && config.isSafe(operation)) {","              resolvePromise(deferred, response, __this, filledObject);","            } else if (_.every(config.errorInterceptors, function(cb) {","                return cb(response, deferred, okCallback) !== false;","              })) {","              // triggered if no callback returns false","              deferred.reject(response);","            }","          };","          // Overriding HTTP Method","          var callOperation = operation;","          var callHeaders = _.extend({}, request.headers);","          var isOverrideOperation = config.isOverridenMethod(operation);","          if (isOverrideOperation) {","            callOperation = 'post';","            callHeaders = _.extend(callHeaders, {","              'X-HTTP-Method-Override': operation === 'remove' ? 'DELETE' : operation.toUpperCase()","            });","          } else if (config.jsonp && callOperation === 'get') {","            callOperation = 'jsonp';","          }","","          if (config.isSafe(operation)) {","            if (isOverrideOperation) {","              urlHandler.resource(this, $http, request.httpConfig, callHeaders, request.params,","                what, etag, callOperation)[callOperation]({}).then(okCallback, errorCallback);","            } else {","              urlHandler.resource(this, $http, request.httpConfig, callHeaders, request.params,","                what, etag, callOperation)[callOperation]().then(okCallback, errorCallback);","            }","          } else {","            urlHandler.resource(this, $http, request.httpConfig, callHeaders, request.params,","              what, etag, callOperation)[callOperation](request.element).then(okCallback, errorCallback);","          }","","          return restangularizePromise(deferred.promise, false, filledObject);","        }","","        function getFunction(params, headers) {","          return _.bind(elemFunction, this)('get', undefined, params, undefined, headers);","        }","","        function deleteFunction(params, headers) {","          return _.bind(elemFunction, this)('remove', undefined, params, undefined, headers);","        }","","        function putFunction(params, headers) {","          return _.bind(elemFunction, this)('put', undefined, params, undefined, headers);","        }","","        function postFunction(what, elem, params, headers) {","          return _.bind(elemFunction, this)('post', what, params, elem, headers);","        }","","        function headFunction(params, headers) {","          return _.bind(elemFunction, this)('head', undefined, params, undefined, headers);","        }","","        function traceFunction(params, headers) {","          return _.bind(elemFunction, this)('trace', undefined, params, undefined, headers);","        }","","        function optionsFunction(params, headers) {","          return _.bind(elemFunction, this)('options', undefined, params, undefined, headers);","        }","","        function patchFunction(elem, params, headers) {","          return _.bind(elemFunction, this)('patch', undefined, params, elem, headers);","        }","","        function customFunction(operation, path, params, headers, elem) {","          return _.bind(elemFunction, this)(operation, path, params, elem, headers);","        }","","        function addRestangularMethodFunction(name, operation, path, defaultParams, defaultHeaders, defaultElem) {","          var bindedFunction;","          if (operation === 'getList') {","            bindedFunction = _.bind(fetchFunction, this, path);","          } else {","            bindedFunction = _.bind(customFunction, this, operation, path);","          }","","          var createdFunction = function(params, headers, elem) {","            var callParams = _.defaults({","              params: params,","              headers: headers,","              elem: elem","            }, {","              params: defaultParams,","              headers: defaultHeaders,","              elem: defaultElem","            });","            return bindedFunction(callParams.params, callParams.headers, callParams.elem);","          };","","          if (config.isSafe(operation)) {","            this[name] = createdFunction;","          } else {","            this[name] = function(elem, params, headers) {","              return createdFunction(params, headers, elem);","            };","          }","        }","","        function withConfigurationFunction(configurer) {","          var newConfig = angular.copy(_.omit(config, 'configuration'));","          Configurer.init(newConfig, newConfig);","          configurer(newConfig);","          return createServiceForConfiguration(newConfig);","        }","","        function toService(route, parent) {","          var knownCollectionMethods = _.values(config.restangularFields);","          var serv = {};","          var collection = (parent || service).all(route);","          serv.one = _.bind(one, (parent || service), parent, route);","          serv.post = _.bind(collection.post, collection);","          serv.getList = _.bind(collection.getList, collection);","          serv.withHttpConfig = _.bind(collection.withHttpConfig, collection);","          serv.get = _.bind(collection.get, collection);","","          for (var prop in collection) {","            if (collection.hasOwnProperty(prop) && _.isFunction(collection[prop]) && !_.includes(knownCollectionMethods, prop)) {","              serv[prop] = _.bind(collection[prop], collection);","            }","          }","","          return serv;","        }","","","        Configurer.init(service, config);","","        service.copy = _.bind(copyRestangularizedElement, service);","","        service.service = _.bind(toService, service);","","        service.withConfig = _.bind(withConfigurationFunction, service);","","        service.one = _.bind(one, service, null);","","        service.all = _.bind(all, service, null);","","        service.several = _.bind(several, service, null);","","        service.oneUrl = _.bind(oneUrl, service, null);","","        service.allUrl = _.bind(allUrl, service, null);","","        service.stripRestangular = _.bind(stripRestangular, service);","","        service.restangularizeElement = _.bind(restangularizeElem, service);","","        service.restangularizeCollection = _.bind(restangularizeCollectionAndElements, service);","","        return service;","      }","","      return createServiceForConfiguration(globalConfiguration);","    }];","  });","  return restangular.name;","}));",""],"l":{"1":2,"4":2,"5":0,"6":2,"7":2,"10":0,"14":0,"16":0,"18":0,"19":0,"20":0,"25":0,"26":0,"27":0,"30":0,"31":0,"32":0,"37":0,"38":0,"39":0,"44":0,"45":0,"46":0,"49":0,"55":0,"56":0,"57":0,"58":0,"64":0,"65":0,"66":0,"67":0,"73":0,"74":0,"75":0,"76":0,"79":0,"80":0,"83":0,"84":0,"85":0,"88":0,"96":0,"97":0,"99":0,"100":0,"101":0,"103":0,"106":0,"109":0,"110":0,"112":0,"115":0,"117":0,"118":0,"119":0,"120":0,"121":0,"124":0,"129":0,"130":0,"131":0,"132":0,"133":0,"135":0,"136":0,"139":0,"140":0,"141":0,"144":0,"145":0,"146":0,"147":0,"154":0,"155":0,"156":0,"157":0,"160":0,"161":0,"174":0,"226":0,"227":0,"229":0,"232":0,"233":0,"236":0,"237":0,"238":0,"239":0,"240":0,"241":0,"243":0,"244":0,"247":0,"248":0,"249":0,"250":0,"251":0,"252":0,"255":0,"258":0,"259":0,"260":0,"263":0,"264":0,"267":0,"268":0,"271":0,"272":0,"273":0,"276":0,"277":0,"280":0,"281":0,"282":0,"283":0,"286":0,"287":0,"288":0,"289":0,"300":0,"302":0,"303":0,"306":0,"307":0,"308":0,"309":0,"310":0,"311":0,"314":0,"317":0,"318":0,"319":0,"322":0,"323":0,"324":0,"325":0,"328":0,"329":0,"330":0,"340":0,"342":0,"343":0,"351":0,"352":0,"353":0,"354":0,"355":0,"360":0,"361":0,"362":0,"369":0,"372":0,"374":0,"375":0,"376":0,"379":0,"381":0,"382":0,"384":0,"385":0,"386":0,"389":0,"390":0,"391":0,"401":0,"402":0,"404":0,"405":0,"406":0,"409":0,"410":0,"412":0,"413":0,"414":0,"415":0,"417":0,"418":0,"419":0,"422":0,"434":0,"435":0,"436":0,"437":0,"443":0,"444":0,"445":0,"446":0,"447":0,"448":0,"449":0,"451":0,"452":0,"455":0,"456":0,"457":0,"459":0,"462":0,"463":0,"468":0,"469":0,"471":0,"474":0,"477":0,"478":0,"481":0,"482":0,"485":0,"486":0,"487":0,"490":0,"492":0,"493":0,"494":0,"495":0,"496":0,"501":0,"502":0,"503":0,"504":0,"507":0,"510":0,"514":0,"515":0,"518":0,"519":0,"520":0,"521":0,"526":0,"532":0,"534":0,"535":0,"536":0,"539":0,"540":0,"541":0,"542":0,"543":0,"545":0,"548":1,"549":0,"550":0,"551":0,"554":0,"556":0,"557":0,"560":0,"562":0,"563":0,"570":0,"571":0,"580":0,"583":0,"585":0,"586":0,"588":0,"589":0,"590":0,"592":0,"596":0,"598":0,"599":0,"600":0,"601":0,"603":0,"604":0,"607":0,"610":0,"613":0,"615":0,"683":0,"685":0,"687":0,"688":0,"689":0,"690":0,"693":0,"694":0,"695":0,"696":0,"697":0,"698":0,"699":0,"700":0,"702":0,"705":0,"707":0,"708":0,"709":0,"710":0,"713":0,"714":0,"715":0,"717":0,"720":0,"721":0,"725":0,"726":0,"733":0,"734":0,"735":0,"736":0,"738":0,"741":0,"742":0,"743":0,"751":1,"752":0,"753":0,"754":0,"755":0,"758":0,"761":1,"762":0,"763":0,"764":0,"766":0,"769":1,"770":0,"778":0,"779":0,"782":0,"783":0,"784":0,"785":0,"787":0,"788":0,"791":0,"792":0,"793":0,"795":0,"799":0,"802":0,"805":0,"807":0,"811":0,"813":1,"814":0,"816":0,"817":0,"819":1,"820":0,"821":0,"822":0,"823":0,"824":0,"825":0,"826":0,"827":0,"830":0,"833":0,"834":0,"835":0,"836":0,"837":0,"839":0,"841":0,"842":0,"843":0,"845":0,"849":0,"851":0,"852":0,"854":0,"855":0,"858":0,"860":0,"862":0,"865":1,"866":0,"867":0,"868":0,"869":0,"870":0,"872":0,"873":0,"874":0,"875":0,"877":0,"878":0,"879":0,"880":0,"884":1,"885":0,"888":1,"889":0,"890":0,"891":0,"894":1,"895":0,"896":0,"898":0,"899":0,"900":0,"904":1,"905":0,"906":0,"908":0,"909":0,"910":0,"913":1,"914":0,"915":0,"916":0,"917":0,"918":0,"920":0,"921":0,"922":0,"924":0,"927":1,"928":0,"929":0,"930":0,"931":0,"932":0,"933":0,"934":0,"935":0,"936":0,"938":0,"941":1,"942":0,"943":0,"944":0,"945":0,"946":0,"948":0,"951":1,"952":0,"955":0,"956":0,"960":0,"966":1,"967":0,"968":0,"969":0,"970":0,"972":0,"974":0,"978":1,"979":0,"980":0,"984":0,"985":0,"986":0,"989":0,"990":0,"991":0,"992":0,"995":0,"996":0,"999":1,"1000":0,"1005":0,"1006":0,"1016":0,"1026":1,"1027":0,"1029":0,"1031":0,"1032":0,"1035":0,"1036":0,"1037":0,"1041":0,"1042":0,"1043":0,"1044":0,"1045":0,"1046":0,"1047":0,"1048":0,"1049":0,"1050":0,"1051":0,"1053":0,"1054":0,"1057":1,"1058":0,"1060":0,"1061":0,"1062":0,"1063":0,"1064":0,"1065":0,"1066":0,"1067":0,"1068":0,"1069":0,"1070":0,"1072":0,"1073":0,"1076":1,"1077":0,"1078":0,"1079":0,"1080":0,"1083":0,"1086":1,"1087":0,"1090":1,"1091":0,"1092":0,"1093":0,"1094":0,"1095":0,"1096":0,"1097":0,"1098":0,"1099":0,"1100":0,"1102":0,"1105":0,"1108":1,"1109":0,"1110":0,"1111":0,"1112":0,"1114":0,"1118":1,"1119":0,"1120":0,"1121":0,"1122":0,"1123":0,"1125":0,"1128":0,"1129":0,"1131":0,"1133":0,"1134":0,"1137":0,"1138":0,"1139":0,"1140":0,"1143":0,"1144":0,"1146":0,"1147":0,"1150":0,"1151":0,"1154":0,"1155":0,"1156":0,"1158":0,"1163":0,"1165":0,"1166":0,"1179":0,"1194":0,"1196":0,"1197":0,"1198":0,"1199":0,"1202":0,"1206":0,"1209":1,"1210":0,"1211":0,"1214":1,"1215":0,"1216":0,"1218":0,"1222":1,"1223":0,"1224":0,"1225":0,"1226":0,"1227":0,"1229":0,"1231":0,"1233":0,"1234":0,"1236":0,"1239":0,"1240":0,"1242":0,"1243":0,"1244":0,"1245":0,"1248":0,"1249":0,"1251":0,"1252":0,"1255":0,"1256":0,"1264":0,"1266":0,"1275":0,"1276":0,"1280":0,"1284":0,"1285":0,"1286":0,"1287":0,"1288":0,"1291":0,"1295":0,"1296":0,"1297":0,"1298":0,"1299":0,"1300":0,"1303":0,"1304":0,"1307":0,"1308":0,"1309":0,"1312":0,"1316":0,"1320":0,"1323":1,"1324":0,"1327":1,"1328":0,"1331":1,"1332":0,"1335":1,"1336":0,"1339":1,"1340":0,"1343":1,"1344":0,"1347":1,"1348":0,"1351":1,"1352":0,"1355":1,"1356":0,"1359":1,"1360":0,"1361":0,"1362":0,"1364":0,"1367":0,"1368":0,"1377":0,"1380":0,"1381":0,"1383":0,"1384":0,"1389":1,"1390":0,"1391":0,"1392":0,"1393":0,"1396":1,"1397":0,"1398":0,"1399":0,"1400":0,"1401":0,"1402":0,"1403":0,"1404":0,"1406":0,"1407":0,"1408":0,"1412":0,"1416":0,"1418":0,"1420":0,"1422":0,"1424":0,"1426":0,"1428":0,"1430":0,"1432":0,"1434":0,"1436":0,"1438":0,"1440":0,"1443":0,"1446":0}}}